This is pdfTeX, Version 3.1415926-2.5-1.40.14 (TeX Live 2013/Debian) (format=pdflatex 2017.11.5)  2 JUL 2018 16:14
entering extended mode
 \write18 enabled.
 %&-line parsing enabled.
**main.tex
(./main.tex
LaTeX2e <2011/06/27>
Babel <3.9h> and hyphenation patterns for 2 languages loaded.
(./MastersDoctoralThesis.cls
Document Class: MastersDoctoralThesis 2017/08/27 v1.6 LaTeXTemplates.com
(/usr/share/texlive/texmf-dist/tex/latex/etoolbox/etoolbox.sty
Package: etoolbox 2011/01/03 v2.1 e-TeX tools for LaTeX

(/usr/share/texlive/texmf-dist/tex/latex/etex-pkg/etex.sty
Package: etex 1998/03/26 v2.0 eTeX basic definition package (PEB)
\et@xins=\count79
)
\etb@tempcnta=\count80
)
(/home/edser/texmf/tex/latex/l3packages/xparse/xparse.sty
(/home/edser/texmf/tex/latex/l3kernel/expl3.sty
Package: expl3 2016/03/28 v6468 L3 programming layer (loader) 

(/home/edser/texmf/tex/latex/l3kernel/expl3-code.tex
Package: expl3 2016/03/28 v6468 L3 programming layer (code)
L3 Module: l3bootstrap 2016/02/12 v6412 L3 Bootstrap code
L3 Module: l3names 2016/03/11 v6433 L3 Namespace for primitives
L3 Module: l3basics 2015/11/22 v6315 L3 Basic definitions
L3 Module: l3expan 2015/09/10 v5983 L3 Argument expansion
L3 Module: l3tl 2016/03/26 v6465 L3 Token lists
L3 Module: l3str 2016/03/24 v6441 L3 Strings
L3 Module: l3seq 2015/08/05 v5777 L3 Sequences and stacks
L3 Module: l3int 2016/03/24 v6441 L3 Integers
\c_max_int=\count81
\l_tmpa_int=\count82
\l_tmpb_int=\count83
\g_tmpa_int=\count84
\g_tmpb_int=\count85
L3 Module: l3quark 2015/08/17 v5855 L3 Quarks
L3 Module: l3prg 2015/11/01 v6216 L3 Control structures
\g__prg_map_int=\count86
L3 Module: l3clist 2015/09/02 v5901 L3 Comma separated lists
L3 Module: l3token 2016/03/26 v6465 L3 Experimental token manipulation
L3 Module: l3prop 2016/01/05 v6366 L3 Property lists
L3 Module: l3msg 2016/03/26 v6464 L3 Messages
L3 Module: l3file 2016/03/25 v6458 L3 File and I/O operations
\l_iow_line_count_int=\count87
\l__iow_target_count_int=\count88
\l__iow_current_line_int=\count89
\l__iow_current_word_int=\count90
\l__iow_current_indentation_int=\count91
L3 Module: l3skip 2016/01/05 v6366 L3 Dimensions and skips
\c_zero_dim=\dimen102
\c_max_dim=\dimen103
\l_tmpa_dim=\dimen104
\l_tmpb_dim=\dimen105
\g_tmpa_dim=\dimen106
\g_tmpb_dim=\dimen107
\c_zero_skip=\skip41
\c_max_skip=\skip42
\l_tmpa_skip=\skip43
\l_tmpb_skip=\skip44
\g_tmpa_skip=\skip45
\g_tmpb_skip=\skip46
\c_zero_muskip=\muskip10
\c_max_muskip=\muskip11
\l_tmpa_muskip=\muskip12
\l_tmpb_muskip=\muskip13
\g_tmpa_muskip=\muskip14
\g_tmpb_muskip=\muskip15
L3 Module: l3keys 2015/11/17 v6284 L3 Key-value interfaces
\g__keyval_level_int=\count92
\l_keys_choice_int=\count93
L3 Module: l3fp 2016/03/26 v6465 L3 Floating points
\c__fp_leading_shift_int=\count94
\c__fp_middle_shift_int=\count95
\c__fp_trailing_shift_int=\count96
\c__fp_big_leading_shift_int=\count97
\c__fp_big_middle_shift_int=\count98
\c__fp_big_trailing_shift_int=\count99
\c__fp_Bigg_leading_shift_int=\count100
\c__fp_Bigg_middle_shift_int=\count101
\c__fp_Bigg_trailing_shift_int=\count102
L3 Module: l3box 2015/08/09 v5822 L3 Experimental boxes
\c_empty_box=\box26
\l_tmpa_box=\box27
\l_tmpb_box=\box28
\g_tmpa_box=\box29
\g_tmpb_box=\box30
L3 Module: l3coffins 2016/03/24 v6440 L3 Coffin code layer
\l__coffin_internal_box=\box31
\l__coffin_internal_dim=\dimen108
\l__coffin_offset_x_dim=\dimen109
\l__coffin_offset_y_dim=\dimen110
\l__coffin_x_dim=\dimen111
\l__coffin_y_dim=\dimen112
\l__coffin_x_prime_dim=\dimen113
\l__coffin_y_prime_dim=\dimen114
\c_empty_coffin=\box32
\l__coffin_aligned_coffin=\box33
\l__coffin_aligned_internal_coffin=\box34
\l_tmpa_coffin=\box35
\l_tmpb_coffin=\box36
\l__coffin_display_coffin=\box37
\l__coffin_display_coord_coffin=\box38
\l__coffin_display_pole_coffin=\box39
\l__coffin_display_offset_dim=\dimen115
\l__coffin_display_x_dim=\dimen116
\l__coffin_display_y_dim=\dimen117
L3 Module: l3color 2014/08/23 v5354 L3 Experimental color support
L3 Module: l3sys 2015/09/25 v6087 L3 Experimental system/runtime functions
L3 Module: l3candidates 2016/03/25 v6456 L3 Experimental additions to l3kernel
\l__box_top_dim=\dimen118
\l__box_bottom_dim=\dimen119
\l__box_left_dim=\dimen120
\l__box_right_dim=\dimen121
\l__box_top_new_dim=\dimen122
\l__box_bottom_new_dim=\dimen123
\l__box_left_new_dim=\dimen124
\l__box_right_new_dim=\dimen125
\l__box_internal_box=\box40
\l__coffin_bounding_shift_dim=\dimen126
\l__coffin_left_corner_dim=\dimen127
\l__coffin_right_corner_dim=\dimen128
\l__coffin_bottom_corner_dim=\dimen129
\l__coffin_top_corner_dim=\dimen130
\l__coffin_scaled_total_height_dim=\dimen131
\l__coffin_scaled_width_dim=\dimen132
L3 Module: l3luatex 2016/03/26 v6465 L3 Experimental LuaTeX-specific functions
)
(/home/edser/texmf/tex/latex/l3kernel/l3pdfmode.def
File: l3pdfmode.def 2016/03/26 v6465 L3 Experimental driver: PDF mode
\l__driver_color_stack_int=\count103
))
Package: xparse 2016/03/28 v6468 L3 Experimental document command parser
\l__xparse_current_arg_int=\count104
\l__xparse_m_args_int=\count105
\l__xparse_mandatory_args_int=\count106
\l__xparse_processor_int=\count107
\l__xparse_v_nesting_int=\count108
)
(/usr/share/texlive/texmf-dist/tex/latex/base/book.cls
Document Class: book 2007/10/19 v1.4h Standard LaTeX document class
(/usr/share/texlive/texmf-dist/tex/latex/base/bk11.clo
File: bk11.clo 2007/10/19 v1.4h Standard LaTeX file (size option)
)
\c@part=\count109
\c@chapter=\count110
\c@section=\count111
\c@subsection=\count112
\c@subsubsection=\count113
\c@paragraph=\count114
\c@subparagraph=\count115
\c@figure=\count116
\c@table=\count117
\abovecaptionskip=\skip47
\belowcaptionskip=\skip48
\bibindent=\dimen133
)
.................................................
. LaTeX info: "xparse/define-command"
. 
. Defining command \abovechapterskip with sig. '' on line 59.
.................................................
.................................................
. LaTeX info: "xparse/define-command"
. 
. Defining command \chapterbelowskip with sig. '' on line 60.
.................................................
.................................................
. LaTeX info: "xparse/define-command"
. 
. Defining command \chapterinbetweenskip with sig. '' on line 61.
.................................................
.................................................
. LaTeX info: "xparse/define-command"
. 
. Defining command \autodot with sig. '' on line 62.
.................................................
.................................................
. LaTeX info: "xparse/define-command"
. 
. Defining command \mdtChapapp with sig. '' on line 63.
.................................................
.................................................
. LaTeX info: "xparse/define-command"
. 
. Defining command \chapteralign with sig. '' on line 64.
.................................................
.................................................
. LaTeX info: "xparse/define-command"
. 
. Defining command \chapterfont with sig. '' on line 65.
.................................................
.................................................
. LaTeX info: "xparse/define-command"
. 
. Defining command \chapterprefixfont with sig. '' on line 66.
.................................................
.................................................
. LaTeX info: "xparse/redefine-command"
. 
. Redefining command \@makechapterhead with sig. ' m ' on line 86.
.................................................
.................................................
. LaTeX info: "xparse/define-command"
. 
. Defining command \addchap with sig. ' s o m ' on line 113.
.................................................
.................................................
. LaTeX info: "xparse/define-command"
. 
. Defining command \addsec with sig. ' s o m ' on line 128.
.................................................

(/usr/share/texlive/texmf-dist/tex/generic/babel/babel.sty
Package: babel 2013/12/03 3.9h The Babel package

(/usr/share/texlive/texmf-dist/tex/generic/babel-english/english.ldf
Language: english 2012/08/20 v3.3p English support from the babel system

(/usr/share/texlive/texmf-dist/tex/generic/babel/babel.def
File: babel.def 2013/12/03 3.9h Babel common definitions
\babel@savecnt=\count118
\U@D=\dimen134
)
\l@british = a dialect from \language\l@english 
\l@UKenglish = a dialect from \language\l@english 
\l@canadian = a dialect from \language\l@american 
\l@australian = a dialect from \language\l@british 
\l@newzealand = a dialect from \language\l@british 
))
(/usr/share/texlive/texmf-dist/tex/latex/koma-script/scrbase.sty
Package: scrbase 2013/12/19 v3.12 KOMA-Script package (KOMA-Script-independent 
basics and keyval usage)

(/usr/share/texlive/texmf-dist/tex/latex/graphics/keyval.sty
Package: keyval 1999/03/16 v1.13 key=value parser (DPC)
\KV@toks@=\toks14
)
(/usr/share/texlive/texmf-dist/tex/latex/koma-script/scrlfile.sty
Package: scrlfile 2013/12/19 v3.12 KOMA-Script package (loading files)

Package scrlfile, 2013/12/19 v3.12 KOMA-Script package (loading files)
                  Copyright (C) Markus Kohm

)) (/usr/share/texlive/texmf-dist/tex/latex/koma-script/scrhack.sty
Package: scrhack 2013/12/19 v3.12 KOMA-Script package 

(/usr/share/texlive/texmf-dist/tex/latex/koma-script/scrkbase.sty
Package: scrkbase 2013/12/19 v3.12 KOMA-Script package (KOMA-Script-dependent b
asics and keyval usage)
))
(/usr/share/texlive/texmf-dist/tex/latex/setspace/setspace.sty
Package: setspace 2011/12/19 v6.7a set line spacing
)
(/usr/share/texlive/texmf-dist/tex/latex/tools/longtable.sty
Package: longtable 2004/02/01 v4.11 Multi-page Table package (DPC)
\LTleft=\skip49
\LTright=\skip50
\LTpre=\skip51
\LTpost=\skip52
\LTchunksize=\count119
\LTcapwidth=\dimen135
\LT@head=\box41
\LT@firsthead=\box42
\LT@foot=\box43
\LT@lastfoot=\box44
\LT@cols=\count120
\LT@rows=\count121
\c@LT@tables=\count122
\c@LT@chunks=\count123
\LT@p@ftn=\toks15
)
(/home/edser/texmf/tex/latex/siunitx/siunitx.sty
Package: siunitx 2016/03/01 v2.6q A comprehensive (SI) units package

(/usr/share/texlive/texmf-dist/tex/latex/amsmath/amstext.sty
Package: amstext 2000/06/29 v2.01

(/usr/share/texlive/texmf-dist/tex/latex/amsmath/amsgen.sty
File: amsgen.sty 1999/11/30 v2.0
\@emptytoks=\toks16
\ex@=\dimen136
))
(/usr/share/texlive/texmf-dist/tex/latex/tools/array.sty
Package: array 2008/09/09 v2.4c Tabular extension package (FMi)
\col@sep=\dimen137
\extrarowheight=\dimen138
\NC@list=\toks17
\extratabsurround=\skip53
\backup@length=\skip54
)
(/home/edser/texmf/tex/latex/l3packages/l3keys2e/l3keys2e.sty
Package: l3keys2e 2016/03/28 v6468 LaTeX2e option processing using LaTeX3 keys
)
\l__siunitx_tmp_box=\box45
\l__siunitx_tmp_dim=\dimen139
\l__siunitx_tmp_int=\count124
\l__siunitx_number_mantissa_length_int=\count125
\l__siunitx_number_uncert_length_int=\count126
\l__siunitx_round_int=\count127
\l__siunitx_process_decimal_int=\count128
\l__siunitx_process_uncertainty_int=\count129
\l__siunitx_process_fixed_int=\count130
\l__siunitx_process_integer_min_int=\count131
\l__siunitx_process_precision_int=\count132
\l__siunitx_group_min_int=\count133
\l__siunitx_angle_marker_box=\box46
\l__siunitx_angle_unit_box=\box47
\l__siunitx_angle_marker_dim=\dimen140
\l__siunitx_angle_unit_dim=\dimen141
\l__siunitx_unit_int=\count134
\l__siunitx_unit_denominator_int=\count135
\l__siunitx_unit_numerator_int=\count136
\l__siunitx_unit_prefix_int=\count137
\l__siunitx_unit_prefix_base_int=\count138
\l__siunitx_unit_prefix_gram_int=\count139
\l__siunitx_number_product_int=\count140
\c__siunitx_one_fill_skip=\skip55
\l__siunitx_table_unit_align_skip=\skip56
\l__siunitx_table_exponent_dim=\dimen142
\l__siunitx_table_integer_dim=\dimen143
\l__siunitx_table_mantissa_dim=\dimen144
\l__siunitx_table_marker_dim=\dimen145
\l__siunitx_table_result_dim=\dimen146
\l__siunitx_table_uncert_dim=\dimen147
\l__siunitx_table_fill_pre_dim=\dimen148
\l__siunitx_table_fill_post_dim=\dimen149
\l__siunitx_table_fill_mid_dim=\dimen150
\l__siunitx_table_pre_box=\box48
\l__siunitx_table_post_box=\box49
\l__siunitx_table_mantissa_box=\box50
\l__siunitx_table_result_box=\box51
\l__siunitx_table_number_align_skip=\skip57
\l__siunitx_table_text_align_skip=\skip58
.................................................
. LaTeX info: "xparse/define-command"
. 
. Defining command \DeclareBinaryPrefix with sig. 'mmm' on line 7218.
.................................................
.................................................
. LaTeX info: "xparse/define-command"
. 
. Defining command \DeclareSIPostPower with sig. 'mm' on line 7221.
.................................................
.................................................
. LaTeX info: "xparse/define-command"
. 
. Defining command \DeclareSIPrefix with sig. 'mmm' on line 7224.
.................................................
.................................................
. LaTeX info: "xparse/define-command"
. 
. Defining command \DeclareSIPrePower with sig. 'mm' on line 7227.
.................................................
.................................................
. LaTeX info: "xparse/define-command"
. 
. Defining command \DeclareSIQualifier with sig. 'mm' on line 7230.
.................................................
.................................................
. LaTeX info: "xparse/define-command"
. 
. Defining command \DeclareSIUnit with sig. 'O{}mm' on line 7233.
.................................................
.................................................
. LaTeX info: "xparse/define-command"
. 
. Defining command \DeclareSIUnitWithOptions with sig. 'mmm' on line 7236.
.................................................
.................................................
. LaTeX info: "xparse/define-command"
. 
. Defining command \ang with sig. 'o>{\SplitArgument {2}{;}}m' on line 7251.
.................................................
.................................................
. LaTeX info: "xparse/define-command"
. 
. Defining command \num with sig. 'om' on line 7260.
.................................................
.................................................
. LaTeX info: "xparse/define-command"
. 
. Defining command \numlist with sig. 'o>{\SplitList {;}}m' on line 7269.
.................................................
.................................................
. LaTeX info: "xparse/define-command"
. 
. Defining command \numrange with sig. 'omm' on line 7278.
.................................................
.................................................
. LaTeX info: "xparse/define-command"
. 
. Defining command \SIlist with sig. 'o>{\SplitList {;}}mm' on line 7290.
.................................................
.................................................
. LaTeX info: "xparse/define-command"
. 
. Defining command \SIrange with sig. 'ommm' on line 7302.
.................................................
.................................................
. LaTeX info: "xparse/define-command"
. 
. Defining command \SI with sig. 'omom' on line 7314.
.................................................
.................................................
. LaTeX info: "xparse/define-command"
. 
. Defining command \sisetup with sig. 'm' on line 7317.
.................................................
.................................................
. LaTeX info: "xparse/define-command"
. 
. Defining command \tablenum with sig. 'om' on line 7332.
.................................................
.................................................
. LaTeX info: "xparse/define-command"
. 
. Defining command \si with sig. 'om' on line 7344.
.................................................
.................................................
. LaTeX info: "xparse/define-command"
. 
. Defining command \__siunitx_bookmark_num:w with sig. 'om' on line 7391.
.................................................
.................................................
. LaTeX info: "xparse/define-command"
. 
. Defining command \__siunitx_bookmark_numrange:w with sig. 'omm' on line
. 7393.
.................................................
.................................................
. LaTeX info: "xparse/define-command"
. 
. Defining command \__siunitx_bookmark_SI:w with sig. 'omom' on line 7395.
.................................................
.................................................
. LaTeX info: "xparse/define-command"
. 
. Defining command \__siunitx_bookmark_SIlist:w with sig. 'omm' on line 7397.
.................................................
.................................................
. LaTeX info: "xparse/define-command"
. 
. Defining command \__siunitx_bookmark_SIrange:w with sig. 'ommm' on line
. 7399.
.................................................
.................................................
. LaTeX info: "xparse/define-command"
. 
. Defining command \__siunitx_bookmark_si:w with sig. 'om' on line 7400.
.................................................
\g__file_internal_ior=\read1
)
(/usr/share/texlive/texmf-dist/tex/latex/graphics/graphicx.sty
Package: graphicx 1999/02/16 v1.0f Enhanced LaTeX Graphics (DPC,SPQR)

(/usr/share/texlive/texmf-dist/tex/latex/graphics/graphics.sty
Package: graphics 2009/02/05 v1.0o Standard LaTeX Graphics (DPC,SPQR)

(/usr/share/texlive/texmf-dist/tex/latex/graphics/trig.sty
Package: trig 1999/03/16 v1.09 sin cos tan (DPC)
)
(/usr/share/texlive/texmf-dist/tex/latex/latexconfig/graphics.cfg
File: graphics.cfg 2010/04/23 v1.9 graphics configuration of TeX Live
)
Package graphics Info: Driver file: pdftex.def on input line 91.

(/usr/share/texlive/texmf-dist/tex/latex/pdftex-def/pdftex.def
File: pdftex.def 2011/05/27 v0.06d Graphics/color for pdfTeX

(/usr/share/texlive/texmf-dist/tex/generic/oberdiek/infwarerr.sty
Package: infwarerr 2010/04/08 v1.3 Providing info/warning/error messages (HO)
)
(/usr/share/texlive/texmf-dist/tex/generic/oberdiek/ltxcmds.sty
Package: ltxcmds 2011/11/09 v1.22 LaTeX kernel commands for general use (HO)
)
\Gread@gobject=\count141
))
\Gin@req@height=\dimen151
\Gin@req@width=\dimen152
)
(/usr/share/texlive/texmf-dist/tex/latex/booktabs/booktabs.sty
Package: booktabs 2005/04/14 v1.61803 publication quality tables
\heavyrulewidth=\dimen153
\lightrulewidth=\dimen154
\cmidrulewidth=\dimen155
\belowrulesep=\dimen156
\belowbottomsep=\dimen157
\aboverulesep=\dimen158
\abovetopsep=\dimen159
\cmidrulesep=\dimen160
\cmidrulekern=\dimen161
\defaultaddspace=\dimen162
\@cmidla=\count142
\@cmidlb=\count143
\@aboverulesep=\dimen163
\@belowrulesep=\dimen164
\@thisruleclass=\count144
\@lastruleclass=\count145
\@thisrulewidth=\dimen165
)
(/usr/share/texlive/texmf-dist/tex/latex/caption/caption.sty
Package: caption 2013/05/02 v3.3-89 Customizing captions (AR)

(/usr/share/texlive/texmf-dist/tex/latex/caption/caption3.sty
Package: caption3 2013/05/02 v1.6-88 caption3 kernel (AR)
Package caption3 Info: TeX engine: e-TeX on input line 57.
\captionmargin=\dimen166
\captionmargin@=\dimen167
\captionwidth=\dimen168
\caption@tempdima=\dimen169
\caption@indent=\dimen170
\caption@parindent=\dimen171
\caption@hangindent=\dimen172
)
\c@ContinuedFloat=\count146
Package caption Info: longtable package is loaded.

(/usr/share/texlive/texmf-dist/tex/latex/caption/ltcaption.sty
Package: ltcaption 2013/02/03 v1.3-62 longtable captions (AR)
))
.................................................
. LaTeX info: "xparse/define-command"
. 
. Defining command \thesistitle with sig. ' o m ' on line 214.
.................................................
.................................................
. LaTeX info: "xparse/redefine-command"
. 
. Redefining command \author with sig. 'm' on line 215.
.................................................
.................................................
. LaTeX info: "xparse/define-command"
. 
. Defining command \supervisor with sig. 'm' on line 216.
.................................................
.................................................
. LaTeX info: "xparse/define-command"
. 
. Defining command \examiner with sig. 'm' on line 217.
.................................................
.................................................
. LaTeX info: "xparse/define-command"
. 
. Defining command \degree with sig. 'm' on line 218.
.................................................
.................................................
. LaTeX info: "xparse/define-command"
. 
. Defining command \addresses with sig. 'm' on line 219.
.................................................
.................................................
. LaTeX info: "xparse/define-command"
. 
. Defining command \university with sig. 'm' on line 220.
.................................................
.................................................
. LaTeX info: "xparse/define-command"
. 
. Defining command \department with sig. 'm' on line 221.
.................................................
.................................................
. LaTeX info: "xparse/define-command"
. 
. Defining command \group with sig. 'm' on line 222.
.................................................
.................................................
. LaTeX info: "xparse/define-command"
. 
. Defining command \faculty with sig. 'm' on line 223.
.................................................
.................................................
. LaTeX info: "xparse/define-command"
. 
. Defining command \subject with sig. 'm' on line 224.
.................................................
.................................................
. LaTeX info: "xparse/define-command"
. 
. Defining command \keywords with sig. 'm' on line 225.
.................................................
.................................................
. LaTeX info: "xparse/define-command"
. 
. Defining command \bhrule with sig. '' on line 232.
.................................................
.................................................
. LaTeX info: "xparse/define-command"
. 
. Defining command \tttypeout with sig. 'm' on line 233.
.................................................
.................................................
. LaTeX info: "xparse/define-command"
. 
. Defining command \addchaptertocentry with sig. ' m ' on line 241.
.................................................

(/home/edser/texmf/tex/latex/xcolor/xcolor.sty
Package: xcolor 2007/01/21 v2.11 LaTeX color extensions (UK)

(/usr/share/texlive/texmf-dist/tex/latex/latexconfig/color.cfg
File: color.cfg 2007/01/18 v1.5 color configuration of teTeX/TeXLive
)
Package xcolor Info: Driver file: pdftex.def on input line 225.
Package xcolor Info: Model `cmy' substituted by `cmy0' on input line 1337.
Package xcolor Info: Model `hsb' substituted by `rgb' on input line 1341.
Package xcolor Info: Model `RGB' extended on input line 1353.
Package xcolor Info: Model `HTML' substituted by `rgb' on input line 1355.
Package xcolor Info: Model `Hsb' substituted by `hsb' on input line 1356.
Package xcolor Info: Model `tHsb' substituted by `hsb' on input line 1357.
Package xcolor Info: Model `HSB' substituted by `hsb' on input line 1358.
Package xcolor Info: Model `Gray' substituted by `gray' on input line 1359.
Package xcolor Info: Model `wave' substituted by `hsb' on input line 1360.
)
(/usr/share/texlive/texmf-dist/tex/latex/geometry/geometry.sty
Package: geometry 2010/09/12 v5.6 Page Geometry

(/usr/share/texlive/texmf-dist/tex/generic/oberdiek/ifpdf.sty
Package: ifpdf 2011/01/30 v2.3 Provides the ifpdf switch (HO)
Package ifpdf Info: pdfTeX in PDF mode is detected.
)
(/usr/share/texlive/texmf-dist/tex/generic/oberdiek/ifvtex.sty
Package: ifvtex 2010/03/01 v1.5 Detect VTeX and its facilities (HO)
Package ifvtex Info: VTeX not detected.
)
(/usr/share/texlive/texmf-dist/tex/generic/ifxetex/ifxetex.sty
Package: ifxetex 2010/09/12 v0.6 Provides ifxetex conditional
)
\Gm@cnth=\count147
\Gm@cntv=\count148
\c@Gm@tempcnt=\count149
\Gm@bindingoffset=\dimen173
\Gm@wd@mp=\dimen174
\Gm@odd@mp=\dimen175
\Gm@even@mp=\dimen176
\Gm@layoutwidth=\dimen177
\Gm@layoutheight=\dimen178
\Gm@layouthoffset=\dimen179
\Gm@layoutvoffset=\dimen180
\Gm@dimlist=\toks18
)
(/usr/share/texlive/texmf-dist/tex/latex/koma-script/scrlayer-scrpage.sty
Package: scrlayer-scrpage 14/12/2013 v0.9.1548 package (end user interface for 
scrlayer)

(/usr/share/texlive/texmf-dist/tex/latex/koma-script/scrlayer.sty
Package: scrlayer 31/10/2013 v0.9.1480 package (defining layers and page styles
)
\footheight=\skip59
Package scrlayer Info: patching LaTeX kernel macro \pagestyle on input line 174
9.
)
Package scrbase Info: Unknown processing state.
(scrbase)             Processing option `headsepline'
(scrbase)             of member `.scrlayer-scrpage.sty' of family
(scrbase)             `KOMA' doesn't set
(scrbase)             a valid state. This will be interpreted
(scrbase)             as \FamilyKeyStateProcessed on input line 617.
Package scrbase Info: Unknown processing state.
(scrbase)             Processing option `markcase=used'
(scrbase)             of member `.scrlayer-scrpage.sty' of family
(scrbase)             `KOMA' doesn't set
(scrbase)             a valid state. This will be interpreted
(scrbase)             as \FamilyKeyStateProcessed on input line 617.
)
Package scrlayer-scrpage Info: auto-selection of `pagestyleset=standard'.

1: chapter
1: chapter
1: section
Package scrbase Info: Unknown processing state.
(scrbase)             Processing option `headsepline=true'
(scrbase)             of member `.scrlayer-scrpage.sty'
(scrbase)             of family `KOMA'
(scrbase)             doesn't set a valid state.
(scrbase)             This will be interpreted
(scrbase)             as \FamilyKeyStateProcessed on input line 296.
.................................................
. LaTeX info: "xparse/define-command"
. 
. Defining command \blankpagestyle with sig. ' m ' on line 308.
.................................................
.................................................
. LaTeX info: "xparse/define-command"
. 
. Defining command \setblankpagestyle with sig. ' m ' on line 309.
.................................................
.................................................
. LaTeX info: "xparse/define-command"
. 
. Defining command \setchapterpagestyle with sig. ' m ' on line 310.
.................................................
.................................................
. LaTeX info: "xparse/redefine-command"
. 
. Redefining command \cleardoublepage with sig. '' on line 317.
.................................................
.................................................
. LaTeX info: "xparse/define-environment"
. 
. Defining environment 'abbreviations' with sig. ' m ' on line 334.
.................................................
.................................................
. LaTeX info: "xparse/define-command"
. 
. Defining command \abstractauthorfont with sig. '' on line 340.
.................................................
.................................................
. LaTeX info: "xparse/define-command"
. 
. Defining command \abstracttitlefont with sig. '' on line 341.
.................................................
.................................................
. LaTeX info: "xparse/define-environment"
. 
. Defining environment 'abstract' with sig. ' O{\null \vfill } ' on line 381.
.................................................
.................................................
. LaTeX info: "xparse/define-environment"
. 
. Defining environment 'extraAbstract' with sig. ' O{\null \vfill } ' on line
. 406.
.................................................
.................................................
. LaTeX info: "xparse/define-environment"
. 
. Defining environment 'acknowledgements' with sig. '' on line 434.
.................................................
.................................................
. LaTeX info: "xparse/define-environment"
. 
. Defining environment 'declaration' with sig. '' on line 456.
.................................................
.................................................
. LaTeX info: "xparse/define-environment"
. 
. Defining environment 'constants' with sig. ' m ' on line 498.
.................................................
.................................................
. LaTeX info: "xparse/define-environment"
. 
. Defining environment 'symbols' with sig. ' m ' on line 516.
.................................................
) (/usr/share/texlive/texmf-dist/tex/latex/base/inputenc.sty
Package: inputenc 2008/03/30 v1.1d Input encoding file
\inpenc@prehook=\toks19
\inpenc@posthook=\toks20

(/usr/share/texlive/texmf-dist/tex/latex/base/utf8.def
File: utf8.def 2008/04/05 v1.1m UTF-8 support for inputenc
Now handling font encoding OML ...
... no UTF-8 mapping file for font encoding OML
Now handling font encoding T1 ...
... processing UTF-8 mapping file for font encoding T1

(/usr/share/texlive/texmf-dist/tex/latex/base/t1enc.dfu
File: t1enc.dfu 2008/04/05 v1.1m UTF-8 support for inputenc
   defining Unicode char U+00A1 (decimal 161)
   defining Unicode char U+00A3 (decimal 163)
   defining Unicode char U+00AB (decimal 171)
   defining Unicode char U+00BB (decimal 187)
   defining Unicode char U+00BF (decimal 191)
   defining Unicode char U+00C0 (decimal 192)
   defining Unicode char U+00C1 (decimal 193)
   defining Unicode char U+00C2 (decimal 194)
   defining Unicode char U+00C3 (decimal 195)
   defining Unicode char U+00C4 (decimal 196)
   defining Unicode char U+00C5 (decimal 197)
   defining Unicode char U+00C6 (decimal 198)
   defining Unicode char U+00C7 (decimal 199)
   defining Unicode char U+00C8 (decimal 200)
   defining Unicode char U+00C9 (decimal 201)
   defining Unicode char U+00CA (decimal 202)
   defining Unicode char U+00CB (decimal 203)
   defining Unicode char U+00CC (decimal 204)
   defining Unicode char U+00CD (decimal 205)
   defining Unicode char U+00CE (decimal 206)
   defining Unicode char U+00CF (decimal 207)
   defining Unicode char U+00D0 (decimal 208)
   defining Unicode char U+00D1 (decimal 209)
   defining Unicode char U+00D2 (decimal 210)
   defining Unicode char U+00D3 (decimal 211)
   defining Unicode char U+00D4 (decimal 212)
   defining Unicode char U+00D5 (decimal 213)
   defining Unicode char U+00D6 (decimal 214)
   defining Unicode char U+00D8 (decimal 216)
   defining Unicode char U+00D9 (decimal 217)
   defining Unicode char U+00DA (decimal 218)
   defining Unicode char U+00DB (decimal 219)
   defining Unicode char U+00DC (decimal 220)
   defining Unicode char U+00DD (decimal 221)
   defining Unicode char U+00DE (decimal 222)
   defining Unicode char U+00DF (decimal 223)
   defining Unicode char U+00E0 (decimal 224)
   defining Unicode char U+00E1 (decimal 225)
   defining Unicode char U+00E2 (decimal 226)
   defining Unicode char U+00E3 (decimal 227)
   defining Unicode char U+00E4 (decimal 228)
   defining Unicode char U+00E5 (decimal 229)
   defining Unicode char U+00E6 (decimal 230)
   defining Unicode char U+00E7 (decimal 231)
   defining Unicode char U+00E8 (decimal 232)
   defining Unicode char U+00E9 (decimal 233)
   defining Unicode char U+00EA (decimal 234)
   defining Unicode char U+00EB (decimal 235)
   defining Unicode char U+00EC (decimal 236)
   defining Unicode char U+00ED (decimal 237)
   defining Unicode char U+00EE (decimal 238)
   defining Unicode char U+00EF (decimal 239)
   defining Unicode char U+00F0 (decimal 240)
   defining Unicode char U+00F1 (decimal 241)
   defining Unicode char U+00F2 (decimal 242)
   defining Unicode char U+00F3 (decimal 243)
   defining Unicode char U+00F4 (decimal 244)
   defining Unicode char U+00F5 (decimal 245)
   defining Unicode char U+00F6 (decimal 246)
   defining Unicode char U+00F8 (decimal 248)
   defining Unicode char U+00F9 (decimal 249)
   defining Unicode char U+00FA (decimal 250)
   defining Unicode char U+00FB (decimal 251)
   defining Unicode char U+00FC (decimal 252)
   defining Unicode char U+00FD (decimal 253)
   defining Unicode char U+00FE (decimal 254)
   defining Unicode char U+00FF (decimal 255)
   defining Unicode char U+0102 (decimal 258)
   defining Unicode char U+0103 (decimal 259)
   defining Unicode char U+0104 (decimal 260)
   defining Unicode char U+0105 (decimal 261)
   defining Unicode char U+0106 (decimal 262)
   defining Unicode char U+0107 (decimal 263)
   defining Unicode char U+010C (decimal 268)
   defining Unicode char U+010D (decimal 269)
   defining Unicode char U+010E (decimal 270)
   defining Unicode char U+010F (decimal 271)
   defining Unicode char U+0110 (decimal 272)
   defining Unicode char U+0111 (decimal 273)
   defining Unicode char U+0118 (decimal 280)
   defining Unicode char U+0119 (decimal 281)
   defining Unicode char U+011A (decimal 282)
   defining Unicode char U+011B (decimal 283)
   defining Unicode char U+011E (decimal 286)
   defining Unicode char U+011F (decimal 287)
   defining Unicode char U+0130 (decimal 304)
   defining Unicode char U+0131 (decimal 305)
   defining Unicode char U+0132 (decimal 306)
   defining Unicode char U+0133 (decimal 307)
   defining Unicode char U+0139 (decimal 313)
   defining Unicode char U+013A (decimal 314)
   defining Unicode char U+013D (decimal 317)
   defining Unicode char U+013E (decimal 318)
   defining Unicode char U+0141 (decimal 321)
   defining Unicode char U+0142 (decimal 322)
   defining Unicode char U+0143 (decimal 323)
   defining Unicode char U+0144 (decimal 324)
   defining Unicode char U+0147 (decimal 327)
   defining Unicode char U+0148 (decimal 328)
   defining Unicode char U+014A (decimal 330)
   defining Unicode char U+014B (decimal 331)
   defining Unicode char U+0150 (decimal 336)
   defining Unicode char U+0151 (decimal 337)
   defining Unicode char U+0152 (decimal 338)
   defining Unicode char U+0153 (decimal 339)
   defining Unicode char U+0154 (decimal 340)
   defining Unicode char U+0155 (decimal 341)
   defining Unicode char U+0158 (decimal 344)
   defining Unicode char U+0159 (decimal 345)
   defining Unicode char U+015A (decimal 346)
   defining Unicode char U+015B (decimal 347)
   defining Unicode char U+015E (decimal 350)
   defining Unicode char U+015F (decimal 351)
   defining Unicode char U+0160 (decimal 352)
   defining Unicode char U+0161 (decimal 353)
   defining Unicode char U+0162 (decimal 354)
   defining Unicode char U+0163 (decimal 355)
   defining Unicode char U+0164 (decimal 356)
   defining Unicode char U+0165 (decimal 357)
   defining Unicode char U+016E (decimal 366)
   defining Unicode char U+016F (decimal 367)
   defining Unicode char U+0170 (decimal 368)
   defining Unicode char U+0171 (decimal 369)
   defining Unicode char U+0178 (decimal 376)
   defining Unicode char U+0179 (decimal 377)
   defining Unicode char U+017A (decimal 378)
   defining Unicode char U+017B (decimal 379)
   defining Unicode char U+017C (decimal 380)
   defining Unicode char U+017D (decimal 381)
   defining Unicode char U+017E (decimal 382)
   defining Unicode char U+200C (decimal 8204)
   defining Unicode char U+2013 (decimal 8211)
   defining Unicode char U+2014 (decimal 8212)
   defining Unicode char U+2018 (decimal 8216)
   defining Unicode char U+2019 (decimal 8217)
   defining Unicode char U+201A (decimal 8218)
   defining Unicode char U+201C (decimal 8220)
   defining Unicode char U+201D (decimal 8221)
   defining Unicode char U+201E (decimal 8222)
   defining Unicode char U+2030 (decimal 8240)
   defining Unicode char U+2031 (decimal 8241)
   defining Unicode char U+2039 (decimal 8249)
   defining Unicode char U+203A (decimal 8250)
   defining Unicode char U+2423 (decimal 9251)
)
Now handling font encoding OT1 ...
... processing UTF-8 mapping file for font encoding OT1

(/usr/share/texlive/texmf-dist/tex/latex/base/ot1enc.dfu
File: ot1enc.dfu 2008/04/05 v1.1m UTF-8 support for inputenc
   defining Unicode char U+00A1 (decimal 161)
   defining Unicode char U+00A3 (decimal 163)
   defining Unicode char U+00B8 (decimal 184)
   defining Unicode char U+00BF (decimal 191)
   defining Unicode char U+00C5 (decimal 197)
   defining Unicode char U+00C6 (decimal 198)
   defining Unicode char U+00D8 (decimal 216)
   defining Unicode char U+00DF (decimal 223)
   defining Unicode char U+00E6 (decimal 230)
   defining Unicode char U+00EC (decimal 236)
   defining Unicode char U+00ED (decimal 237)
   defining Unicode char U+00EE (decimal 238)
   defining Unicode char U+00EF (decimal 239)
   defining Unicode char U+00F8 (decimal 248)
   defining Unicode char U+0131 (decimal 305)
   defining Unicode char U+0141 (decimal 321)
   defining Unicode char U+0142 (decimal 322)
   defining Unicode char U+0152 (decimal 338)
   defining Unicode char U+0153 (decimal 339)
   defining Unicode char U+2013 (decimal 8211)
   defining Unicode char U+2014 (decimal 8212)
   defining Unicode char U+2018 (decimal 8216)
   defining Unicode char U+2019 (decimal 8217)
   defining Unicode char U+201C (decimal 8220)
   defining Unicode char U+201D (decimal 8221)
)
Now handling font encoding OMS ...
... processing UTF-8 mapping file for font encoding OMS

(/usr/share/texlive/texmf-dist/tex/latex/base/omsenc.dfu
File: omsenc.dfu 2008/04/05 v1.1m UTF-8 support for inputenc
   defining Unicode char U+00A7 (decimal 167)
   defining Unicode char U+00B6 (decimal 182)
   defining Unicode char U+00B7 (decimal 183)
   defining Unicode char U+2020 (decimal 8224)
   defining Unicode char U+2021 (decimal 8225)
   defining Unicode char U+2022 (decimal 8226)
)
Now handling font encoding OMX ...
... no UTF-8 mapping file for font encoding OMX
Now handling font encoding U ...
... no UTF-8 mapping file for font encoding U
   defining Unicode char U+00A9 (decimal 169)
   defining Unicode char U+00AA (decimal 170)
   defining Unicode char U+00AE (decimal 174)
   defining Unicode char U+00BA (decimal 186)
   defining Unicode char U+02C6 (decimal 710)
   defining Unicode char U+02DC (decimal 732)
   defining Unicode char U+200C (decimal 8204)
   defining Unicode char U+2026 (decimal 8230)
   defining Unicode char U+2122 (decimal 8482)
   defining Unicode char U+2423 (decimal 9251)
))
(/usr/share/texlive/texmf-dist/tex/latex/base/fontenc.sty
Package: fontenc 2005/09/27 v1.99g Standard LaTeX package

(/usr/share/texlive/texmf-dist/tex/latex/base/t1enc.def
File: t1enc.def 2005/09/27 v1.99g Standard LaTeX file
LaTeX Font Info:    Redeclaring font encoding T1 on input line 43.
))
(/home/edser/texmf/tex/latex/pgf/frontendlayer/tikz.sty
(/home/edser/texmf/tex/latex/pgf/basiclayer/pgf.sty
(/home/edser/texmf/tex/latex/pgf/utilities/pgfrcs.sty
(/home/edser/texmf/tex/generic/pgf/utilities/pgfutil-common.tex
\pgfutil@everybye=\toks21
\pgfutil@tempdima=\dimen181
\pgfutil@tempdimb=\dimen182

(/home/edser/texmf/tex/generic/pgf/utilities/pgfutil-common-lists.tex))
(/home/edser/texmf/tex/generic/pgf/utilities/pgfutil-latex.def
\pgfutil@abb=\box52

(/usr/share/texlive/texmf-dist/tex/latex/ms/everyshi.sty
Package: everyshi 2001/05/15 v3.00 EveryShipout Package (MS)
))
(/home/edser/texmf/tex/generic/pgf/utilities/pgfrcs.code.tex
Package: pgfrcs 2015/08/07 v3.0.1a (rcs-revision 1.31)
))
Package: pgf 2015/08/07 v3.0.1a (rcs-revision 1.15)

(/home/edser/texmf/tex/latex/pgf/basiclayer/pgfcore.sty
(/home/edser/texmf/tex/latex/pgf/systemlayer/pgfsys.sty
(/home/edser/texmf/tex/generic/pgf/systemlayer/pgfsys.code.tex
Package: pgfsys 2014/07/09 v3.0.1a (rcs-revision 1.48)

(/home/edser/texmf/tex/generic/pgf/utilities/pgfkeys.code.tex
\pgfkeys@pathtoks=\toks22
\pgfkeys@temptoks=\toks23

(/home/edser/texmf/tex/generic/pgf/utilities/pgfkeysfiltered.code.tex
\pgfkeys@tmptoks=\toks24
))
\pgf@x=\dimen183
\pgf@y=\dimen184
\pgf@xa=\dimen185
\pgf@ya=\dimen186
\pgf@xb=\dimen187
\pgf@yb=\dimen188
\pgf@xc=\dimen189
\pgf@yc=\dimen190
\w@pgf@writea=\write3
\r@pgf@reada=\read2
\c@pgf@counta=\count150
\c@pgf@countb=\count151
\c@pgf@countc=\count152
\c@pgf@countd=\count153
\t@pgf@toka=\toks25
\t@pgf@tokb=\toks26
\t@pgf@tokc=\toks27

(/home/edser/texmf/tex/generic/pgf/systemlayer/pgf.cfg
File: pgf.cfg 2008/05/14  (rcs-revision 1.7)
)
Driver file for pgf: pgfsys-pdftex.def

(/home/edser/texmf/tex/generic/pgf/systemlayer/pgfsys-pdftex.def
File: pgfsys-pdftex.def 2014/10/11  (rcs-revision 1.35)

(/home/edser/texmf/tex/generic/pgf/systemlayer/pgfsys-common-pdf.def
File: pgfsys-common-pdf.def 2013/10/10  (rcs-revision 1.13)
)))
(/home/edser/texmf/tex/generic/pgf/systemlayer/pgfsyssoftpath.code.tex
File: pgfsyssoftpath.code.tex 2013/09/09  (rcs-revision 1.9)
\pgfsyssoftpath@smallbuffer@items=\count154
\pgfsyssoftpath@bigbuffer@items=\count155
)
(/home/edser/texmf/tex/generic/pgf/systemlayer/pgfsysprotocol.code.tex
File: pgfsysprotocol.code.tex 2006/10/16  (rcs-revision 1.4)
))
(/home/edser/texmf/tex/generic/pgf/basiclayer/pgfcore.code.tex
Package: pgfcore 2010/04/11 v3.0.1a (rcs-revision 1.7)

(/home/edser/texmf/tex/generic/pgf/math/pgfmath.code.tex
(/home/edser/texmf/tex/generic/pgf/math/pgfmathcalc.code.tex
(/home/edser/texmf/tex/generic/pgf/math/pgfmathutil.code.tex)
(/home/edser/texmf/tex/generic/pgf/math/pgfmathparser.code.tex
\pgfmath@dimen=\dimen191
\pgfmath@count=\count156
\pgfmath@box=\box53
\pgfmath@toks=\toks28
\pgfmath@stack@operand=\toks29
\pgfmath@stack@operation=\toks30
)
(/home/edser/texmf/tex/generic/pgf/math/pgfmathfunctions.code.tex
(/home/edser/texmf/tex/generic/pgf/math/pgfmathfunctions.basic.code.tex)
(/home/edser/texmf/tex/generic/pgf/math/pgfmathfunctions.trigonometric.code.tex
) (/home/edser/texmf/tex/generic/pgf/math/pgfmathfunctions.random.code.tex)
(/home/edser/texmf/tex/generic/pgf/math/pgfmathfunctions.comparison.code.tex)
(/home/edser/texmf/tex/generic/pgf/math/pgfmathfunctions.base.code.tex)
(/home/edser/texmf/tex/generic/pgf/math/pgfmathfunctions.round.code.tex)
(/home/edser/texmf/tex/generic/pgf/math/pgfmathfunctions.misc.code.tex)
(/home/edser/texmf/tex/generic/pgf/math/pgfmathfunctions.integerarithmetics.cod
e.tex))) (/home/edser/texmf/tex/generic/pgf/math/pgfmathfloat.code.tex
\c@pgfmathroundto@lastzeros=\count157
))
(/home/edser/texmf/tex/generic/pgf/basiclayer/pgfcorepoints.code.tex
File: pgfcorepoints.code.tex 2013/10/07  (rcs-revision 1.27)
\pgf@picminx=\dimen192
\pgf@picmaxx=\dimen193
\pgf@picminy=\dimen194
\pgf@picmaxy=\dimen195
\pgf@pathminx=\dimen196
\pgf@pathmaxx=\dimen197
\pgf@pathminy=\dimen198
\pgf@pathmaxy=\dimen199
\pgf@xx=\dimen200
\pgf@xy=\dimen201
Normal \dimen register pool exhausted, switching to extended pool.
\pgf@yx=\dimen256
\pgf@yy=\dimen257
\pgf@zx=\dimen258
\pgf@zy=\dimen259
)
(/home/edser/texmf/tex/generic/pgf/basiclayer/pgfcorepathconstruct.code.tex
File: pgfcorepathconstruct.code.tex 2013/10/07  (rcs-revision 1.29)
\pgf@path@lastx=\dimen260
\pgf@path@lasty=\dimen261
)
(/home/edser/texmf/tex/generic/pgf/basiclayer/pgfcorepathusage.code.tex
File: pgfcorepathusage.code.tex 2014/11/02  (rcs-revision 1.24)
\pgf@shorten@end@additional=\dimen262
\pgf@shorten@start@additional=\dimen263
)
(/home/edser/texmf/tex/generic/pgf/basiclayer/pgfcorescopes.code.tex
File: pgfcorescopes.code.tex 2015/05/08  (rcs-revision 1.46)
\pgfpic=\box54
\pgf@hbox=\box55
\pgf@layerbox@main=\box56
\pgf@picture@serial@count=\count158
)
(/home/edser/texmf/tex/generic/pgf/basiclayer/pgfcoregraphicstate.code.tex
File: pgfcoregraphicstate.code.tex 2014/11/02  (rcs-revision 1.12)
\pgflinewidth=\dimen264
)
(/home/edser/texmf/tex/generic/pgf/basiclayer/pgfcoretransformations.code.tex
File: pgfcoretransformations.code.tex 2015/08/07  (rcs-revision 1.20)
\pgf@pt@x=\dimen265
\pgf@pt@y=\dimen266
\pgf@pt@temp=\dimen267
)
(/home/edser/texmf/tex/generic/pgf/basiclayer/pgfcorequick.code.tex
File: pgfcorequick.code.tex 2008/10/09  (rcs-revision 1.3)
)
(/home/edser/texmf/tex/generic/pgf/basiclayer/pgfcoreobjects.code.tex
File: pgfcoreobjects.code.tex 2006/10/11  (rcs-revision 1.2)
)
(/home/edser/texmf/tex/generic/pgf/basiclayer/pgfcorepathprocessing.code.tex
File: pgfcorepathprocessing.code.tex 2013/09/09  (rcs-revision 1.9)
)
(/home/edser/texmf/tex/generic/pgf/basiclayer/pgfcorearrows.code.tex
File: pgfcorearrows.code.tex 2015/05/14  (rcs-revision 1.43)
\pgfarrowsep=\dimen268
)
(/home/edser/texmf/tex/generic/pgf/basiclayer/pgfcoreshade.code.tex
File: pgfcoreshade.code.tex 2013/07/15  (rcs-revision 1.15)
\pgf@max=\dimen269
\pgf@sys@shading@range@num=\count159
)
(/home/edser/texmf/tex/generic/pgf/basiclayer/pgfcoreimage.code.tex
File: pgfcoreimage.code.tex 2013/07/15  (rcs-revision 1.18)

(/home/edser/texmf/tex/generic/pgf/basiclayer/pgfcoreexternal.code.tex
File: pgfcoreexternal.code.tex 2014/07/09  (rcs-revision 1.21)
\pgfexternal@startupbox=\box57
))
(/home/edser/texmf/tex/generic/pgf/basiclayer/pgfcorelayers.code.tex
File: pgfcorelayers.code.tex 2013/07/18  (rcs-revision 1.7)
)
(/home/edser/texmf/tex/generic/pgf/basiclayer/pgfcoretransparency.code.tex
File: pgfcoretransparency.code.tex 2013/09/30  (rcs-revision 1.5)
)
(/home/edser/texmf/tex/generic/pgf/basiclayer/pgfcorepatterns.code.tex
File: pgfcorepatterns.code.tex 2013/11/07  (rcs-revision 1.5)
)))
(/home/edser/texmf/tex/generic/pgf/modules/pgfmoduleshapes.code.tex
File: pgfmoduleshapes.code.tex 2014/03/21  (rcs-revision 1.35)
\pgfnodeparttextbox=\box58
)
(/home/edser/texmf/tex/generic/pgf/modules/pgfmoduleplot.code.tex
File: pgfmoduleplot.code.tex 2015/08/03  (rcs-revision 1.13)
)
(/home/edser/texmf/tex/latex/pgf/compatibility/pgfcomp-version-0-65.sty
Package: pgfcomp-version-0-65 2007/07/03 v3.0.1a (rcs-revision 1.7)
\pgf@nodesepstart=\dimen270
\pgf@nodesepend=\dimen271
)
(/home/edser/texmf/tex/latex/pgf/compatibility/pgfcomp-version-1-18.sty
Package: pgfcomp-version-1-18 2007/07/23 v3.0.1a (rcs-revision 1.1)
))
(/home/edser/texmf/tex/latex/pgf/utilities/pgffor.sty
(/home/edser/texmf/tex/latex/pgf/utilities/pgfkeys.sty
(/home/edser/texmf/tex/generic/pgf/utilities/pgfkeys.code.tex))
(/home/edser/texmf/tex/latex/pgf/math/pgfmath.sty
(/home/edser/texmf/tex/generic/pgf/math/pgfmath.code.tex))
(/home/edser/texmf/tex/generic/pgf/utilities/pgffor.code.tex
Package: pgffor 2013/12/13 v3.0.1a (rcs-revision 1.25)

(/home/edser/texmf/tex/generic/pgf/math/pgfmath.code.tex)
\pgffor@iter=\dimen272
\pgffor@skip=\dimen273
\pgffor@stack=\toks31
\pgffor@toks=\toks32
))
(/home/edser/texmf/tex/generic/pgf/frontendlayer/tikz/tikz.code.tex
Package: tikz 2015/08/07 v3.0.1a (rcs-revision 1.151)

(/home/edser/texmf/tex/generic/pgf/libraries/pgflibraryplothandlers.code.tex
File: pgflibraryplothandlers.code.tex 2013/08/31 v3.0.1a (rcs-revision 1.20)
\pgf@plot@mark@count=\count160
\pgfplotmarksize=\dimen274
)
\tikz@lastx=\dimen275
\tikz@lasty=\dimen276
\tikz@lastxsaved=\dimen277
\tikz@lastysaved=\dimen278
\tikzleveldistance=\dimen279
\tikzsiblingdistance=\dimen280
\tikz@figbox=\box59
\tikz@figbox@bg=\box60
\tikz@tempbox=\box61
\tikz@tempbox@bg=\box62
\tikztreelevel=\count161
\tikznumberofchildren=\count162
\tikznumberofcurrentchild=\count163
\tikz@fig@count=\count164

(/home/edser/texmf/tex/generic/pgf/modules/pgfmodulematrix.code.tex
File: pgfmodulematrix.code.tex 2013/09/17  (rcs-revision 1.8)
\pgfmatrixcurrentrow=\count165
\pgfmatrixcurrentcolumn=\count166
\pgf@matrix@numberofcolumns=\count167
)
\tikz@expandcount=\count168

(/home/edser/texmf/tex/generic/pgf/frontendlayer/tikz/libraries/tikzlibrarytopa
ths.code.tex
File: tikzlibrarytopaths.code.tex 2008/06/17 v3.0.1a (rcs-revision 1.2)
))) (/usr/share/texlive/texmf-dist/tex/latex/psnfss/mathpazo.sty
Package: mathpazo 2005/04/12 PSNFSS-v9.2a Palatino w/ Pazo Math (D.Puga, WaS) 
\symupright=\mathgroup4
)
(/home/edser/texmf/tex/latex/biblatex/biblatex.sty
Package: biblatex 2016/03/03 v3.3 programmable bibliographies (PK/JW/AB)

(/home/edser/texmf/tex/latex/biblatex/biblatex_legacy.sty
Package: biblatex_legacy 2016/03/03 v3.3 programmable bibliographies (bibtex) (
PK/JW/AB)

(/home/edser/texmf/tex/latex/logreq/logreq.sty
Package: logreq 2010/08/04 v1.0 xml request logger
\lrq@indent=\count169

(/home/edser/texmf/tex/latex/logreq/logreq.def
File: logreq.def 2010/08/04 v1.0 logreq spec v1.0
))
(/usr/share/texlive/texmf-dist/tex/latex/base/ifthen.sty
Package: ifthen 2001/05/26 v1.1c Standard LaTeX ifthen package (DPC)
)
(/usr/share/texlive/texmf-dist/tex/latex/url/url.sty
\Urlmuskip=\muskip16
Package: url 2013/09/16  ver 3.4  Verb mode for urls, etc.
)
\c@tabx@nest=\count170
\c@listtotal=\count171
\c@listcount=\count172
\c@liststart=\count173
\c@liststop=\count174
\c@citecount=\count175
\c@citetotal=\count176
\c@multicitecount=\count177
\c@multicitetotal=\count178
\c@instcount=\count179
\c@maxnames=\count180
\c@minnames=\count181
\c@maxitems=\count182
\c@minitems=\count183
\c@citecounter=\count184
\c@savedcitecounter=\count185
\c@uniquelist=\count186
\c@uniquename=\count187
\c@refsection=\count188
\c@refsegment=\count189
\c@maxextrayear=\count190
\c@maxextraalpha=\count191
\c@abbrvpenalty=\count192
\c@highnamepenalty=\count193
\c@lownamepenalty=\count194
\c@maxparens=\count195
\c@parenlevel=\count196
\blx@tempcnta=\count197
\blx@tempcntb=\count198
\blx@tempcntc=\count199
\blx@maxsection=\count200
\blx@maxsegment=\count201
Normal \count register pool exhausted, switching to extended pool.
\blx@notetype=\count277
\blx@parenlevel@text=\count278
\blx@parenlevel@foot=\count279
\labelnumberwidth=\skip60
\labelalphawidth=\skip61
\shorthandwidth=\skip62
\biblabelsep=\skip63
\bibitemsep=\skip64
\bibnamesep=\skip65
\bibinitsep=\skip66
\bibparsep=\skip67
\bibhang=\skip68
\blx@auxin=\read3
\blx@auxout=\write4
\c@mincomprange=\count280
\c@maxcomprange=\count281
\c@mincompwidth=\count282
\c@labelname=\count283
\c@savedlabelname=\count284
\c@author=\count285
\c@savedauthor=\count286
\c@shortauthor=\count287
\c@savedshortauthor=\count288
\c@editor=\count289
\c@savededitor=\count290
\c@editora=\count291
\c@savededitora=\count292
\c@editorb=\count293
\c@savededitorb=\count294
\c@editorc=\count295
\c@savededitorc=\count296
\c@shorteditor=\count297
\c@savedshorteditor=\count298
\c@bookauthor=\count299
\c@savedbookauthor=\count300
\c@translator=\count301
\c@savedtranslator=\count302
\c@annotator=\count303
\c@savedannotator=\count304
\c@commentator=\count305
\c@savedcommentator=\count306
\c@introduction=\count307
\c@savedintroduction=\count308
\c@foreword=\count309
\c@savedforeword=\count310
\c@afterword=\count311
\c@savedafterword=\count312
\c@holder=\count313
\c@savedholder=\count314
\c@namea=\count315
\c@savednamea=\count316
\c@nameb=\count317
\c@savednameb=\count318
\c@namec=\count319
\c@savednamec=\count320
\c@institution=\count321
\c@savedinstitution=\count322
\c@language=\count323
\c@savedlanguage=\count324
\c@location=\count325
\c@savedlocation=\count326
\c@organization=\count327
\c@savedorganization=\count328
\c@origlocation=\count329
\c@savedoriglocation=\count330
\c@origpublisher=\count331
\c@savedorigpublisher=\count332
\c@pageref=\count333
\c@savedpageref=\count334
\c@publisher=\count335
\c@savedpublisher=\count336
\c@lista=\count337
\c@savedlista=\count338
\c@listb=\count339
\c@savedlistb=\count340
\c@listc=\count341
\c@savedlistc=\count342
\c@listd=\count343
\c@savedlistd=\count344
\c@liste=\count345
\c@savedliste=\count346
\c@listf=\count347
\c@savedlistf=\count348
Package biblatex Info: Trying to load compatibility code...
Package biblatex Info: ... file 'blx-compat.def' found.

(/home/edser/texmf/tex/latex/biblatex/blx-compat.def
File: blx-compat.def 2016/03/03 v3.3 biblatex compatibility (PK/JW/AB)
)
Package biblatex Info: Trying to load generic definitions...
Package biblatex Info: ... file 'biblatex_legacy.def' found.

(/home/edser/texmf/tex/latex/biblatex/biblatex_legacy.def
File: biblatex_legacy.def 
\c@textcitecount=\count349
\c@textcitetotal=\count350
\c@textcitemaxnames=\count351
\c@biburlnumpenalty=\count352
\c@biburlucpenalty=\count353
\c@biburllcpenalty=\count354
\c@smartand=\count355
)
Package biblatex Info: Trying to load natbib compatibility...
Package biblatex Info: ... file 'blx-natbib.def' found.

(/home/edser/texmf/tex/latex/biblatex/blx-natbib.def
File: blx-natbib.def 2016/03/03 v3.3 biblatex compatibility (PK/JW/AB)
)
Package biblatex Info: Trying to load bibliography style 'authoryear'...
Package biblatex Info: ... file 'authoryear.bbx' found.

(/home/edser/texmf/tex/latex/biblatex/bbx/authoryear.bbx
File: authoryear.bbx 2016/03/03 v3.3 biblatex bibliography style (PK/JW/AB)
Package biblatex Info: Trying to load bibliography style 'standard'...
Package biblatex Info: ... file 'standard.bbx' found.

(/home/edser/texmf/tex/latex/biblatex/bbx/standard.bbx
File: standard.bbx 2016/03/03 v3.3 biblatex bibliography style (PK/JW/AB)
\c@bbx:relatedcount=\count356
\c@bbx:relatedtotal=\count357
))
Package biblatex Info: Trying to load citation style 'authoryear'...
Package biblatex Info: ... file 'authoryear.cbx' found.

(/home/edser/texmf/tex/latex/biblatex/cbx/authoryear.cbx
File: authoryear.cbx 2016/03/03 v3.3 biblatex citation style (PK/JW/AB)
Package biblatex Info: Redefining '\cite'.
Package biblatex Info: Redefining '\parencite'.
Package biblatex Info: Redefining '\footcite'.
Package biblatex Info: Redefining '\footcitetext'.
Package biblatex Info: Redefining '\smartcite'.
Package biblatex Info: Redefining '\textcite'.
Package biblatex Info: Redefining '\textcites'.
)
Package biblatex Info: Trying to load configuration file...
Package biblatex Info: ... file 'biblatex.cfg' found.

(/home/edser/texmf/tex/latex/biblatex/biblatex.cfg
File: biblatex.cfg 
)))
(/usr/share/texlive/texmf-dist/tex/latex/csquotes/csquotes.sty
Package: csquotes 2011/10/22 v5.1d context-sensitive quotations
\csq@reset=\count358
\csq@gtype=\count359
\csq@glevel=\count360
\csq@qlevel=\count361
\csq@maxlvl=\count362
\csq@tshold=\count363
\csq@ltx@everypar=\toks33

(/usr/share/texlive/texmf-dist/tex/latex/csquotes/csquotes.def
File: csquotes.def 2011/10/22 v5.1d csquotes generic definitions
)
Package csquotes Info: Trying to load configuration file 'csquotes.cfg'...
Package csquotes Info: ... configuration file loaded successfully.

(/usr/share/texlive/texmf-dist/tex/latex/csquotes/csquotes.cfg
File: csquotes.cfg 
)
Package csquotes Info: Enabling multilingual quotes.
)
(/usr/share/texlive/texmf-dist/tex/latex/amsmath/amsmath.sty
Package: amsmath 2013/01/14 v2.14 AMS math features
\@mathmargin=\skip69

For additional information on amsmath, use the `?' option.
(/usr/share/texlive/texmf-dist/tex/latex/amsmath/amsbsy.sty
Package: amsbsy 1999/11/29 v1.2d
\pmbraise@=\dimen281
)
(/usr/share/texlive/texmf-dist/tex/latex/amsmath/amsopn.sty
Package: amsopn 1999/12/14 v2.01 operator names
)
\inf@bad=\count364
LaTeX Info: Redefining \frac on input line 210.
\uproot@=\count365
\leftroot@=\count366
LaTeX Info: Redefining \overline on input line 306.
\classnum@=\count367
\DOTSCASE@=\count368
LaTeX Info: Redefining \ldots on input line 378.
LaTeX Info: Redefining \dots on input line 381.
LaTeX Info: Redefining \cdots on input line 466.
\Mathstrutbox@=\box63
\strutbox@=\box64
\big@size=\dimen282
LaTeX Font Info:    Redeclaring font encoding OML on input line 566.
LaTeX Font Info:    Redeclaring font encoding OMS on input line 567.
\macc@depth=\count369
\c@MaxMatrixCols=\count370
\dotsspace@=\muskip17
\c@parentequation=\count371
\dspbrk@lvl=\count372
\tag@help=\toks34
\row@=\count373
\column@=\count374
\maxfields@=\count375
\andhelp@=\toks35
\eqnshift@=\dimen283
\alignsep@=\dimen284
\tagshift@=\dimen285
\tagwidth@=\dimen286
\totwidth@=\dimen287
\lineht@=\dimen288
\@envbody=\toks36
\multlinegap=\skip70
\multlinetaggap=\skip71
\mathdisplay@stack=\toks37
LaTeX Info: Redefining \[ on input line 2665.
LaTeX Info: Redefining \] on input line 2666.
)
(/usr/share/texlive/texmf-dist/tex/latex/listings/listings.sty
\lst@mode=\count376
\lst@gtempboxa=\box65
\lst@token=\toks38
\lst@length=\count377
\lst@currlwidth=\dimen289
\lst@column=\count378
\lst@pos=\count379
\lst@lostspace=\dimen290
\lst@width=\dimen291
\lst@newlines=\count380
\lst@lineno=\count381
\lst@maxwidth=\dimen292

(/usr/share/texlive/texmf-dist/tex/latex/listings/lstmisc.sty
File: lstmisc.sty 2013/08/26 1.5b (Carsten Heinz)
\c@lstnumber=\count382
\lst@skipnumbers=\count383
\lst@framebox=\box66
)
(/usr/share/texlive/texmf-dist/tex/latex/listings/listings.cfg
File: listings.cfg 2013/08/26 1.5b listings configuration
))
Package scrhack Info: loading listings hack on input line 59.

(/usr/share/texlive/texmf-dist/tex/latex/koma-script/listings.hak
File: listings.hak 2013/12/19 v3.12 KOMA-Script package (hacking package listin
gs)

(/usr/share/texlive/texmf-dist/tex/latex/koma-script/tocbasic.sty
Package: tocbasic 2013/12/19 v3.12 KOMA-Scriptpackage(handling toc-files)
)
Package tocbasic Info: setting babel extension for `lol' on input line 137.
Package scrhack Info: redefining \lstlistoflistings on input line 137.
)
Package: listings 2013/08/26 1.5b (Carsten Heinz)

(/usr/share/texlive/texmf-dist/tex/latex/footmisc/footmisc.sty
Package: footmisc 2011/06/06 v5.5b a miscellany of footnote facilities
\FN@temptoken=\toks39
\footnotemargin=\dimen293
\c@pp@next@reset=\count384
Package footmisc Info: Declaring symbol style bringhurst on input line 855.
Package footmisc Info: Declaring symbol style chicago on input line 863.
Package footmisc Info: Declaring symbol style wiley on input line 872.
Package footmisc Info: Declaring symbol style lamport-robust on input line 883.

Package footmisc Info: Declaring symbol style lamport* on input line 903.
Package footmisc Info: Declaring symbol style lamport*-robust on input line 924
.
)
(/home/edser/texmf/tex/latex/algorithms/algorithm.sty
Package: algorithm 2009/08/24 v0.1 Document Style `algorithm' - floating enviro
nment

(/usr/share/texlive/texmf-dist/tex/latex/float/float.sty
Package: float 2001/11/08 v1.3d Float enhancements (AL)
\c@float@type=\count385
\float@exts=\toks40
\float@box=\box67
\@float@everytoks=\toks41
\@floatcapt=\box68
)
Package scrhack Info: loading float hack on input line 32.

(/usr/share/texlive/texmf-dist/tex/latex/koma-script/float.hak
File: float.hak 2013/12/19 v3.12 KOMA-Script package (hacking package float)
Package scrhack Info: redefining \newfloat on input line 161.
Package scrhack Info: redefining \listof on input line 161.
Package scrhack Info: undefining \float@addtolists on input line 161.
)
Package tocbasic Info: setting babel extension for `loa' on input line 95.
\@float@every@algorithm=\toks42
\c@algorithm=\count386
)
(/home/edser/texmf/tex/latex/algorithmicx/algpseudocode.sty
Package: algpseudocode 

(/home/edser/texmf/tex/latex/algorithmicx/algorithmicx.sty
Package: algorithmicx 2005/04/27 v1.2 Algorithmicx

Document Style algorithmicx 1.2 - a greatly improved `algorithmic' style
\c@ALG@line=\count387
\c@ALG@rem=\count388
\c@ALG@nested=\count389
\ALG@tlm=\skip72
\ALG@thistlm=\skip73
\c@ALG@Lnr=\count390
\c@ALG@blocknr=\count391
\c@ALG@storecount=\count392
\c@ALG@tmpcounter=\count393
\ALG@tmplength=\skip74
)
Document Style - pseudocode environments for use with the `algorithmicx' style
) (/usr/share/texlive/texmf-dist/tex/latex/listings/lstlang1.sty
File: lstlang1.sty 2013/08/26 1.5b listings language file
)
(/usr/share/texlive/texmf-dist/tex/latex/hyperref/hyperref.sty
Package: hyperref 2012/11/06 v6.83m Hypertext links for LaTeX

(/usr/share/texlive/texmf-dist/tex/generic/oberdiek/hobsub-hyperref.sty
Package: hobsub-hyperref 2012/05/28 v1.13 Bundle oberdiek, subset hyperref (HO)


(/usr/share/texlive/texmf-dist/tex/generic/oberdiek/hobsub-generic.sty
Package: hobsub-generic 2012/05/28 v1.13 Bundle oberdiek, subset generic (HO)
Package: hobsub 2012/05/28 v1.13 Construct package bundles (HO)
Package hobsub Info: Skipping package `infwarerr' (already loaded).
Package hobsub Info: Skipping package `ltxcmds' (already loaded).
Package: ifluatex 2010/03/01 v1.3 Provides the ifluatex switch (HO)
Package ifluatex Info: LuaTeX not detected.
Package hobsub Info: Skipping package `ifvtex' (already loaded).
Package: intcalc 2007/09/27 v1.1 Expandable calculations with integers (HO)
Package hobsub Info: Skipping package `ifpdf' (already loaded).
Package: etexcmds 2011/02/16 v1.5 Avoid name clashes with e-TeX commands (HO)
Package etexcmds Info: Could not find \expanded.
(etexcmds)             That can mean that you are not using pdfTeX 1.50 or
(etexcmds)             that some package has redefined \expanded.
(etexcmds)             In the latter case, load this package earlier.
Package: kvsetkeys 2012/04/25 v1.16 Key value parser (HO)
Package: kvdefinekeys 2011/04/07 v1.3 Define keys (HO)
Package: pdftexcmds 2011/11/29 v0.20 Utility functions of pdfTeX for LuaTeX (HO
)
Package pdftexcmds Info: LuaTeX not detected.
Package pdftexcmds Info: \pdf@primitive is available.
Package pdftexcmds Info: \pdf@ifprimitive is available.
Package pdftexcmds Info: \pdfdraftmode found.
Package: pdfescape 2011/11/25 v1.13 Implements pdfTeX's escape features (HO)
Package: bigintcalc 2012/04/08 v1.3 Expandable calculations on big integers (HO
)
Package: bitset 2011/01/30 v1.1 Handle bit-vector datatype (HO)
Package: uniquecounter 2011/01/30 v1.2 Provide unlimited unique counter (HO)
)
Package hobsub Info: Skipping package `hobsub' (already loaded).
Package: letltxmacro 2010/09/02 v1.4 Let assignment for LaTeX macros (HO)
Package: hopatch 2012/05/28 v1.2 Wrapper for package hooks (HO)
Package: xcolor-patch 2011/01/30 xcolor patch
Package: atveryend 2011/06/30 v1.8 Hooks at the very end of document (HO)
Package: atbegshi 2011/10/05 v1.16 At begin shipout hook (HO)
Package: refcount 2011/10/16 v3.4 Data extraction from label references (HO)
Package: hycolor 2011/01/30 v1.7 Color options for hyperref/bookmark (HO)
)
(/usr/share/texlive/texmf-dist/tex/latex/oberdiek/auxhook.sty
Package: auxhook 2011/03/04 v1.3 Hooks for auxiliary files (HO)
)
(/usr/share/texlive/texmf-dist/tex/latex/oberdiek/kvoptions.sty
Package: kvoptions 2011/06/30 v3.11 Key value format for package options (HO)
)
\@linkdim=\dimen294
\Hy@linkcounter=\count394
\Hy@pagecounter=\count395

(/usr/share/texlive/texmf-dist/tex/latex/hyperref/pd1enc.def
File: pd1enc.def 2012/11/06 v6.83m Hyperref: PDFDocEncoding definition (HO)
Now handling font encoding PD1 ...
... no UTF-8 mapping file for font encoding PD1
)
\Hy@SavedSpaceFactor=\count396

(/usr/share/texlive/texmf-dist/tex/latex/latexconfig/hyperref.cfg
File: hyperref.cfg 2002/06/06 v1.2 hyperref configuration of TeXLive
)
Package hyperref Info: Hyper figures OFF on input line 4443.
Package hyperref Info: Link nesting OFF on input line 4448.
Package hyperref Info: Hyper index ON on input line 4451.
Package hyperref Info: Plain pages OFF on input line 4458.
Package hyperref Info: Backreferencing OFF on input line 4463.
Package hyperref Info: Implicit mode ON; LaTeX internals redefined.
Package hyperref Info: Bookmarks ON on input line 4688.
\c@Hy@tempcnt=\count397
LaTeX Info: Redefining \url on input line 5041.
\XeTeXLinkMargin=\dimen295
\Fld@menulength=\count398
\Field@Width=\dimen296
\Fld@charsize=\dimen297
Package hyperref Info: Hyper figures OFF on input line 6295.
Package hyperref Info: Link nesting OFF on input line 6300.
Package hyperref Info: Hyper index ON on input line 6303.
Package hyperref Info: backreferencing OFF on input line 6310.
Package hyperref Info: Link coloring OFF on input line 6315.
Package hyperref Info: Link coloring with OCG OFF on input line 6320.
Package hyperref Info: PDF/A mode OFF on input line 6325.
LaTeX Info: Redefining \ref on input line 6365.
LaTeX Info: Redefining \pageref on input line 6369.
\Hy@abspage=\count399
\c@Item=\count400
\c@Hfootnote=\count401
)
Package scrhack Info: hyperref hack deactivated because of
(scrhack)             detection of hyperref version, that doesn't
(scrhack)             need that hack, on input line 220.


Package hyperref Message: Driver (autodetected): hpdftex.

(/usr/share/texlive/texmf-dist/tex/latex/hyperref/hpdftex.def
File: hpdftex.def 2012/11/06 v6.83m Hyperref driver for pdfTeX
\Fld@listcount=\count402
\c@bookmark@seq@number=\count403

(/usr/share/texlive/texmf-dist/tex/latex/oberdiek/rerunfilecheck.sty
Package: rerunfilecheck 2011/04/15 v1.7 Rerun checks for auxiliary files (HO)
Package uniquecounter Info: New unique counter `rerunfilecheck' on input line 2
82.
)
\Hy@SectionHShift=\skip75
)
Package hyperref Info: Option `bookmarksopen' set `true' on input line 220.
Package hyperref Info: Option `hypertexnames' set `false' on input line 220.
Package hyperref Info: Option `colorlinks' set `true' on input line 220.
Package hyperref Info: Option `unicode' set `true' on input line 220.

(/usr/share/texlive/texmf-dist/tex/latex/hyperref/puenc.def
File: puenc.def 2012/11/06 v6.83m Hyperref: PDF Unicode definition (HO)
Now handling font encoding PU ...
... no UTF-8 mapping file for font encoding PU
)
Package hyperref Info: Option `breaklinks' set `true' on input line 220.
Package biblatex Info: Trying to load language 'english'...
Package biblatex Info: ... file 'english.lbx' found.

(/home/edser/texmf/tex/latex/biblatex/lbx/english.lbx
File: english.lbx 2016/03/03 v3.3 biblatex localization (PK/JW/AB)
)
Package csquotes Info: Checking for multilingual support...
Package csquotes Info: ... found 'babel' package.
 (./main.aux
(./Chapters/Abstract.aux) (./Chapters/ProblemDescription.aux)
(./Chapters/Background.aux) (./Chapters/Algorithm.aux)
(./Chapters/Implementation.aux) (./Chapters/Results.aux)
(./Chapters/Discussion.aux) (./Chapters/Conclusion.aux)
(./Chapters/FutureWork.aux) (./Appendices/AppendixGrammars.aux)
(./Appendices/AppendixData.aux) (./Appendices/AppendixAdvanced.aux)
(./Appendices/AppendixComments.aux) (./Appendices/AppendixStringInterp.aux)
(./Appendices/AppendixPico.aux))
\openout1 = `main.aux'.

LaTeX Font Info:    Checking defaults for OML/cmm/m/it on input line 220.
LaTeX Font Info:    ... okay on input line 220.
LaTeX Font Info:    Checking defaults for T1/cmr/m/n on input line 220.
LaTeX Font Info:    ... okay on input line 220.
LaTeX Font Info:    Checking defaults for OT1/cmr/m/n on input line 220.
LaTeX Font Info:    ... okay on input line 220.
LaTeX Font Info:    Checking defaults for OMS/cmsy/m/n on input line 220.
LaTeX Font Info:    ... okay on input line 220.
LaTeX Font Info:    Checking defaults for OMX/cmex/m/n on input line 220.
LaTeX Font Info:    ... okay on input line 220.
LaTeX Font Info:    Checking defaults for U/cmr/m/n on input line 220.
LaTeX Font Info:    ... okay on input line 220.
LaTeX Font Info:    Checking defaults for PD1/pdf/m/n on input line 220.
LaTeX Font Info:    ... okay on input line 220.
LaTeX Font Info:    Checking defaults for PU/pdf/m/n on input line 220.
LaTeX Font Info:    ... okay on input line 220.
LaTeX Font Info:    Try loading font information for T1+ppl on input line 220.

(/usr/share/texlive/texmf-dist/tex/latex/psnfss/t1ppl.fd
File: t1ppl.fd 2001/06/04 font definitions for T1/ppl.
)
Now handling font encoding TS1 ...
... processing UTF-8 mapping file for font encoding TS1

(/usr/share/texlive/texmf-dist/tex/latex/base/ts1enc.dfu
File: ts1enc.dfu 2008/04/05 v1.1m UTF-8 support for inputenc
   defining Unicode char U+00A2 (decimal 162)
   defining Unicode char U+00A3 (decimal 163)
   defining Unicode char U+00A4 (decimal 164)
   defining Unicode char U+00A5 (decimal 165)
   defining Unicode char U+00A6 (decimal 166)
   defining Unicode char U+00A7 (decimal 167)
   defining Unicode char U+00A8 (decimal 168)
   defining Unicode char U+00A9 (decimal 169)
   defining Unicode char U+00AA (decimal 170)
   defining Unicode char U+00AC (decimal 172)
   defining Unicode char U+00AE (decimal 174)
   defining Unicode char U+00AF (decimal 175)
   defining Unicode char U+00B0 (decimal 176)
   defining Unicode char U+00B1 (decimal 177)
   defining Unicode char U+00B2 (decimal 178)
   defining Unicode char U+00B3 (decimal 179)
   defining Unicode char U+00B4 (decimal 180)
   defining Unicode char U+00B5 (decimal 181)
   defining Unicode char U+00B6 (decimal 182)
   defining Unicode char U+00B7 (decimal 183)
   defining Unicode char U+00B9 (decimal 185)
   defining Unicode char U+00BA (decimal 186)
   defining Unicode char U+00BC (decimal 188)
   defining Unicode char U+00BD (decimal 189)
   defining Unicode char U+00BE (decimal 190)
   defining Unicode char U+00D7 (decimal 215)
   defining Unicode char U+00F7 (decimal 247)
   defining Unicode char U+0192 (decimal 402)
   defining Unicode char U+02C7 (decimal 711)
   defining Unicode char U+02D8 (decimal 728)
   defining Unicode char U+02DD (decimal 733)
   defining Unicode char U+0E3F (decimal 3647)
   defining Unicode char U+2016 (decimal 8214)
   defining Unicode char U+2020 (decimal 8224)
   defining Unicode char U+2021 (decimal 8225)
   defining Unicode char U+2022 (decimal 8226)
   defining Unicode char U+2030 (decimal 8240)
   defining Unicode char U+2031 (decimal 8241)
   defining Unicode char U+203B (decimal 8251)
   defining Unicode char U+203D (decimal 8253)
   defining Unicode char U+2044 (decimal 8260)
   defining Unicode char U+204E (decimal 8270)
   defining Unicode char U+2052 (decimal 8274)
   defining Unicode char U+20A1 (decimal 8353)
   defining Unicode char U+20A4 (decimal 8356)
   defining Unicode char U+20A6 (decimal 8358)
   defining Unicode char U+20A9 (decimal 8361)
   defining Unicode char U+20AB (decimal 8363)
   defining Unicode char U+20AC (decimal 8364)
   defining Unicode char U+20B1 (decimal 8369)
   defining Unicode char U+2103 (decimal 8451)
   defining Unicode char U+2116 (decimal 8470)
   defining Unicode char U+2117 (decimal 8471)
   defining Unicode char U+211E (decimal 8478)
   defining Unicode char U+2120 (decimal 8480)
   defining Unicode char U+2122 (decimal 8482)
   defining Unicode char U+2126 (decimal 8486)
   defining Unicode char U+2127 (decimal 8487)
   defining Unicode char U+212E (decimal 8494)
   defining Unicode char U+2190 (decimal 8592)
   defining Unicode char U+2191 (decimal 8593)
   defining Unicode char U+2192 (decimal 8594)
   defining Unicode char U+2193 (decimal 8595)
   defining Unicode char U+2329 (decimal 9001)
   defining Unicode char U+232A (decimal 9002)
   defining Unicode char U+2422 (decimal 9250)
   defining Unicode char U+25E6 (decimal 9702)
   defining Unicode char U+25EF (decimal 9711)
   defining Unicode char U+266A (decimal 9834)
)
(/home/edser/texmf/tex/latex/siunitx/siunitx-abbreviations.cfg
File: siunitx-abbreviations.cfg 2016/03/01 v2.6q siunitx: Abbreviated units
)
(/usr/share/texlive/texmf-dist/tex/context/base/supp-pdf.mkii
[Loading MPS to PDF converter (version 2006.09.02).]
\scratchcounter=\count404
\scratchdimen=\dimen298
\scratchbox=\box69
\nofMPsegments=\count405
\nofMParguments=\count406
\everyMPshowfont=\toks43
\MPscratchCnt=\count407
\MPscratchDim=\dimen299
\MPnumerator=\count408
\makeMPintoPDFobject=\count409
\everyMPtoPDFconversion=\toks44
) (/usr/share/texlive/texmf-dist/tex/latex/oberdiek/epstopdf-base.sty
Package: epstopdf-base 2010/02/09 v2.5 Base part for package epstopdf

(/usr/share/texlive/texmf-dist/tex/latex/oberdiek/grfext.sty
Package: grfext 2010/08/19 v1.1 Manage graphics extensions (HO)
)
Package grfext Info: Graphics extension search list:
(grfext)             [.png,.pdf,.jpg,.mps,.jpeg,.jbig2,.jb2,.PNG,.PDF,.JPG,.JPE
G,.JBIG2,.JB2,.eps]
(grfext)             \AppendGraphicsExtensions on input line 452.

(/usr/share/texlive/texmf-dist/tex/latex/latexconfig/epstopdf-sys.cfg
File: epstopdf-sys.cfg 2010/07/13 v1.3 Configuration of (r)epstopdf for TeX Liv
e
))
Package caption Info: Begin \AtBeginDocument code.
Package caption Info: float package is loaded.
Package caption Info: hyperref package is loaded.
Package caption Info: listings package is loaded.
Package caption Info: End \AtBeginDocument code.

*geometry* driver: auto-detecting
*geometry* detected driver: pdftex
*geometry* verbose mode - [ preamble ] result:
* driver: pdftex
* paper: a4paper
* layout: <same size as paper>
* layoutoffset:(h,v)=(0.0pt,0.0pt)
* bindingoffset: 14.22636pt
* modes: includehead includefoot twoside 
* h-part:(L,W,R)=(71.13188pt, 404.02908pt, 108.12054pt)
* v-part:(T,H,B)=(42.67912pt, 759.6886pt, 42.67912pt)
* \paperwidth=597.50787pt
* \paperheight=845.04684pt
* \textwidth=404.02908pt
* \textheight=693.49821pt
* \oddsidemargin=13.08826pt
* \evensidemargin=35.85056pt
* \topmargin=-29.59087pt
* \headheight=18.85364pt
* \headsep=19.8738pt
* \topskip=11.0pt
* \footskip=27.46295pt
* \marginparwidth=116.0pt
* \marginparsep=7.0pt
* \columnsep=10.0pt
* \skip\footins=10.0pt plus 4.0pt minus 2.0pt
* \hoffset=0.0pt
* \voffset=0.0pt
* \mag=1000
* \@twocolumnfalse
* \@twosidetrue
* \@mparswitchtrue
* \@reversemarginfalse
* (1in=72.27pt=25.4mm, 1cm=28.453pt)

Package scrlayer Info: Setting magic \footheight to \baselineskip while
(scrlayer)             \begin{document} on input line 220.
Package scrbase Info: activating english \abbrevname on input line 220.
Package scrbase Info: activating english \byname on input line 220.
Package scrbase Info: activating english \acknowledgementname on input line 220
.
Package scrbase Info: activating english \authorshipname on input line 220.
Package scrbase Info: activating english \constantsname on input line 220.
Package scrbase Info: activating english \symbolsname on input line 220.
ABD: EveryShipout initializing macros
Package biblatex Info: Input encoding 'utf8' detected.
Package biblatex Info: Automatic encoding selection.
(biblatex)             Assuming data encoding 'utf8'.


Package biblatex Warning: Data encoding is 'utf8'.
(biblatex)                Use backend=biber.

\openout4 = `main-blx.bib'.

Package biblatex Info: Trying to load bibliographic data...
Package biblatex Info: ... file 'main.bbl' found.
(./main.bbl)
Package biblatex Info: Reference section=0 on input line 220.
Package biblatex Info: Reference segment=0 on input line 220.
\c@lstlisting=\count410
Package scrhack Info: undefining \float@addtolists on input line 220.
\AtBeginShipoutBox=\box70
Package hyperref Info: Link coloring ON on input line 220.
 (/usr/share/texlive/texmf-dist/tex/latex/hyperref/nameref.sty
Package: nameref 2012/10/27 v2.43 Cross-referencing by name of section

(/usr/share/texlive/texmf-dist/tex/generic/oberdiek/gettitlestring.sty
Package: gettitlestring 2010/12/03 v1.4 Cleanup title references (HO)
)
\c@section@level=\count411
)
LaTeX Info: Redefining \ref on input line 220.
LaTeX Info: Redefining \pageref on input line 220.
LaTeX Info: Redefining \nameref on input line 220.

(./main.out) (./main.out)
\@outlinefile=\write5
\openout5 = `main.out'.

\c__siunitx_mathsf_int=\count412
LaTeX Font Info:    Try loading font information for OT1+ppl on input line 220.


(/usr/share/texlive/texmf-dist/tex/latex/psnfss/ot1ppl.fd
File: ot1ppl.fd 2001/06/04 font definitions for OT1/ppl.
)
LaTeX Font Info:    Try loading font information for OML+zplm on input line 220
.

(/usr/share/texlive/texmf-dist/tex/latex/psnfss/omlzplm.fd
File: omlzplm.fd 2002/09/08 Fontinst v1.914 font definitions for OML/zplm.
)
LaTeX Font Info:    Try loading font information for OMS+zplm on input line 220
.

(/usr/share/texlive/texmf-dist/tex/latex/psnfss/omszplm.fd
File: omszplm.fd 2002/09/08 Fontinst v1.914 font definitions for OMS/zplm.
)
LaTeX Font Info:    Try loading font information for OMX+zplm on input line 220
.

(/usr/share/texlive/texmf-dist/tex/latex/psnfss/omxzplm.fd
File: omxzplm.fd 2002/09/08 Fontinst v1.914 font definitions for OMX/zplm.
)
LaTeX Font Info:    Try loading font information for OT1+zplm on input line 220
.

(/usr/share/texlive/texmf-dist/tex/latex/psnfss/ot1zplm.fd
File: ot1zplm.fd 2002/09/08 Fontinst v1.914 font definitions for OT1/zplm.
)
\c__siunitx_mathtt_int=\count413

1: section
LaTeX Font Info:    Font shape `T1/ppl/bx/n' in size <20.74> not available
(Font)              Font shape `T1/ppl/b/n' tried instead on input line 238.
<./Figures/logo.jpg, id=563, 1786.675pt x 491.8375pt>
File: ./Figures/logo.jpg Graphic file (type jpg)
 <use ./Figures/logo.jpg>
Package pdftex.def Info: ./Figures/logo.jpg used on input line 263.
(pdftex.def)             Requested size: 178.67796pt x 49.18663pt.

[1



{/var/lib/texmf/fonts/map/pdftex/updmap/pdftex.map} <./Figures/logo.jpg>]
\openout2 = `Chapters/Abstract.aux'.


(./Chapters/Abstract.tex [2


]
--------------------
 Abstract
--------------------

Underfull \hbox (badness 10000) in paragraph at lines 3--6

 []

)
1: section
[3] [4


]
LaTeX Font Info:    Font shape `T1/ppl/bx/n' in size <24.88> not available
(Font)              Font shape `T1/ppl/b/n' tried instead on input line 278.
 (./main.toc
LaTeX Font Info:    Font shape `T1/ppl/bx/n' in size <10.95> not available
(Font)              Font shape `T1/ppl/b/n' tried instead on input line 4.

1: section
[5] [6] [7])
\tf@toc=\write6
\openout6 = `main.toc'.

 [8] (./main.lof)
\tf@lof=\write7
\openout7 = `main.lof'.


1: section
[9

] [10

]
1: section
\openout2 = `Chapters/ProblemDescription.aux'.

(./Chapters/ProblemDescription.tex
Chapter 1.
LaTeX Font Info:    Font shape `T1/ppl/bx/n' in size <17.28> not available
(Font)              Font shape `T1/ppl/b/n' tried instead on input line 3.
LaTeX Font Info:    Font shape `T1/ppl/bx/n' in size <14.4> not available
(Font)              Font shape `T1/ppl/b/n' tried instead on input line 9.
1: section
[1


]
LaTeX Font Info:    Font shape `T1/ppl/bx/n' in size <12> not available
(Font)              Font shape `T1/ppl/b/n' tried instead on input line 20.
) [2]
\openout2 = `Chapters/Background.aux'.

 (./Chapters/Background.tex
Chapter 2.
LaTeX Font Info:    Font shape `T1/ppl/bx/it' in size <10.95> not available
(Font)              Font shape `T1/ppl/b/it' tried instead on input line 22.
<Figures/components.png, id=811, 616.3025pt x 207.77625pt>
File: Figures/components.png Graphic file (type png)

<use Figures/components.png>
Package pdftex.def Info: Figures/components.png used on input line 25.
(pdftex.def)             Requested size: 369.78435pt x 124.6667pt.

1: section
[3



 <./Figures/components.png>] [4]
Underfull \hbox (badness 10000) in paragraph at lines 59--60

 []


Underfull \hbox (badness 10000) in paragraph at lines 76--79

 []

[5] [6]
LaTeX Font Info:    Try loading font information for U+fplmbb on input line 108
.
 (/usr/share/texlive/texmf-dist/tex/latex/psnfss/ufplmbb.fd
File: ufplmbb.fd 2003/10/30 Fontinst v1.914 font definitions for U/fplmbb.
) [7]
LaTeX Font Info:    Try loading font information for T1+cmtt on input line 126.


(/usr/share/texlive/texmf-dist/tex/latex/base/t1cmtt.fd
File: t1cmtt.fd 1999/05/25 v2.5h Standard LaTeX font definitions
)
LaTeX Font Info:    Font shape `T1/cmtt/bx/n' in size <10.95> not available
(Font)              Font shape `T1/cmtt/m/n' tried instead on input line 126.

Underfull \hbox (badness 10000) in paragraph at lines 126--130

 []


Underfull \hbox (badness 10000) in paragraph at lines 126--130

 []


Overfull \hbox (1.36818pt too wide) in paragraph at lines 143--145
\T1/ppl/m/n/10.95 Below are the nam-ings and ac-tions of two ed-i-tors and thei
r syntax-definitions shown.
 []

[8] (/usr/share/texlive/texmf-dist/tex/latex/listings/lstlang1.sty
File: lstlang1.sty 2013/08/26 1.5b listings language file
)
(./Code/highlighters/textMate_example.syntax) [9] [10]
(./Code/highlighters/sublime_example.sublime-syntax)) [11]
\openout2 = `Chapters/Algorithm.aux'.


(./Chapters/Algorithm.tex [12



]
Chapter 3.

Underfull \hbox (badness 10000) in paragraph at lines 20--22

 []


Underfull \hbox (badness 10000) in paragraph at lines 20--22

 []


Underfull \hbox (badness 10000) in paragraph at lines 20--22

 []


Underfull \hbox (badness 10000) in paragraph at lines 20--22

 []


Underfull \hbox (badness 10000) in paragraph at lines 20--22

 []


Underfull \hbox (badness 10000) in paragraph at lines 20--22

 []


Underfull \hbox (badness 10000) in paragraph at lines 20--22

 []


Underfull \hbox (badness 10000) in paragraph at lines 20--22

 []

1: section
[13] [14] <Figures/grammarGraphChap2.png, id=995, 501.875pt x 301.125pt>
File: Figures/grammarGraphChap2.png Graphic file (type png)

<use Figures/grammarGraphChap2.png>
Package pdftex.def Info: Figures/grammarGraphChap2.png used on input line 57.
(pdftex.def)             Requested size: 301.12732pt x 180.67638pt.


Package hyperref Warning: Token not allowed in a PDF string (Unicode):
(hyperref)                removing `math shift' on input line 63.


Package hyperref Warning: Token not allowed in a PDF string (Unicode):
(hyperref)                removing `math shift' on input line 63.

[15 <./Figures/grammarGraphChap2.png>]
Underfull \hbox (badness 10000) in paragraph at lines 87--89

 []

<Figures/strRegular_chap2_graph.png, id=1017, 404.51125pt x 208.78pt>
File: Figures/strRegular_chap2_graph.png Graphic file (type png)

<use Figures/strRegular_chap2_graph.png>
Package pdftex.def Info: Figures/strRegular_chap2_graph.png used on input line 
94.
(pdftex.def)             Requested size: 283.15593pt x 146.14497pt.

<Figures/NFA_Statement_chap2.png, id=1018, 678.535pt x 291.0875pt>
File: Figures/NFA_Statement_chap2.png Graphic file (type png)

<use Figures/NFA_Statement_chap2.png>
Package pdftex.def Info: Figures/NFA_Statement_chap2.png used on input line 102
.
(pdftex.def)             Requested size: 404.02908pt x 173.32579pt.

Overfull \hbox (8.24431pt too wide) in paragraph at lines 99--106
\T1/ppl/m/n/10.95 The ma-chine showed be-low is the ma-chine gen-er-ated from t
he \T1/ppl/m/it/10.95 State-ment \T1/ppl/m/n/10.95 non-terminal.
 []

[16 <./Figures/strRegular_chap2_graph.png>] [17 <./Figures/NFA_Statement_chap2.
png>] (./Figures/conflicts.tex)
Underfull \hbox (badness 10000) in paragraph at lines 111--116

 []


Underfull \hbox (badness 10000) in paragraph at lines 111--116

 []

[18]
Underfull \hbox (badness 10000) in paragraph at lines 117--118

 []


Overfull \hbox (17.22043pt too wide) in paragraph at lines 129--129
[] 
 []

<Figures/conflictSolvingChap2.png, id=1041, 645.41125pt x 231.86626pt>
File: Figures/conflictSolvingChap2.png Graphic file (type png)

<use Figures/conflictSolvingChap2.png>
Package pdftex.def Info: Figures/conflictSolvingChap2.png used on input line 13
3.
(pdftex.def)             Requested size: 404.02908pt x 145.14955pt.
 [19 <./Figures/conflictSolvingChap2.png>] (./Code/ConflictResolution.tex
Package hyperref Info: bookmark level for unknown algorithm defaults to 0 on in
put line 2.

Overfull \hbox (5.9123pt too wide) in paragraph at lines 29--30
[] $\OML/zplm/m/it/10.95 nextTerminals \OMS/zplm/m/n/10.95   \OML/zplm/m/it/10.
95 firstTerminalOf\OT1/zplm/m/n/10.95 (\OML/zplm/m/it/10.95 allDfas\OT1/zplm/m/
n/10.95 [\OML/zplm/m/it/10.95 nt\OT1/zplm/m/n/10.95 ]\OT1/ppl/m/n/10.95 , \OML/
zplm/m/it/10.95 nonTerminals\OT1/ppl/m/n/10.95 , \OML/zplm/m/it/10.95 allDfas\O
T1/zplm/m/n/10.95 )$ 
 []

) [20]
Underfull \hbox (badness 10000) in paragraph at lines 145--147

 []

[21]
LaTeX Font Info:    Try loading font information for OMS+ppl on input line 168.

 (/usr/share/texlive/texmf-dist/tex/latex/psnfss/omsppl.fd
File: omsppl.fd 
)
LaTeX Font Info:    Font shape `OMS/ppl/m/n' in size <10.95> not available
(Font)              Font shape `OMS/cmsy/m/n' tried instead on input line 168.
 [22] [23])
[24]
\openout2 = `Chapters/Implementation.aux'.

 (./Chapters/Implementation.tex
Chapter 4.
1: section
[25



] (./Code/grammars/simple/simple.grammar) [26] [27]
Overfull \hbox (5.70482pt too wide) in paragraph at lines 86--88
\T1/ppl/m/n/10.95 restrictions. In sim-ple terms: [][][][][][][][][][][][][][][
][][][][][][][][][] and in-put [][][][], matches: $\OT1/zplm/m/n/10.95 [\OML/zp
lm/m/it/10.95 ^^O\OT1/ppl/m/n/10.95 , \OML/zplm/m/it/10.95 a\OT1/ppl/m/n/10.95 
, \OML/zplm/m/it/10.95 b\OT1/ppl/m/n/10.95 , \OML/zplm/m/it/10.95 c\OT1/ppl/m/n
/10.95 , \OML/zplm/m/it/10.95 ab\OT1/ppl/m/n/10.95 , \OML/zplm/m/it/10.95 bc\OT
1/ppl/m/n/10.95 , \OML/zplm/m/it/10.95 abc\OT1/zplm/m/n/10.95 ]$\T1/ppl/m/n/10.
95 .
 []

[28] [29] (./Code/datatypes/Symbol.data) [30] (./Code/datatypes/Production.data
) [31]
Overfull \hbox (12.0763pt too wide) in paragraph at lines 154--155
\T1/ppl/m/n/10.95 The up-com-ing sec-tion dis-cusses the im-ple-men-ta-tion in 
Ras-cal. This in-cludes datatypes,
 []


Underfull \hbox (badness 10000) in paragraph at lines 175--184

 []

[32] [33] (./Code/ToPlainGrammar.rsc)
Underfull \hbox (badness 10000) in paragraph at lines 199--202

 []

[34] (./Code/Grammar2Graph.rsc) (./Code/Kosaraju.rsc) [35] [36]
(./Code/datatypes/StateMachine.data) [37] (./Code/datatypes/Highlighter.data))
[38]
\openout2 = `Chapters/Results.aux'.

 (./Chapters/Results.tex
Chapter 5.
1: section
[39



] (./Code/grammars/RascalExp/RascalEx_withContexts.grammar) [40]
(./Code/grammars/results_simple.grammar) [41] [42]
(./Code/grammars/RascalExp/stronglyRegular.grammar) [43]
LaTeX Font Info:    Font shape `T1/ppl/bx/it' in size <14.4> not available
(Font)              Font shape `T1/ppl/b/it' tried instead on input line 74.

(./Code/grammars/comments/comments.grammar)
<Figures/comment_dfa.png, id=1561, 572.1375pt x 238.8925pt>
File: Figures/comment_dfa.png Graphic file (type png)

<use Figures/comment_dfa.png>
Package pdftex.def Info: Figures/comment_dfa.png used on input line 80.
(pdftex.def)             Requested size: 404.02908pt x 168.6999pt.
 [44 <./Figures/comment_dfa.png>]
(/usr/share/texlive/texmf-dist/tex/latex/listings/lstlang1.sty
File: lstlang1.sty 2013/08/26 1.5b listings language file
)
(/usr/share/texlive/texmf-dist/tex/latex/listings/lstmisc.sty
File: lstmisc.sty 2013/08/26 1.5b (Carsten Heinz)
) [45] [46]
Underfull \hbox (badness 10000) in paragraph at lines 135--136

 []


<Figures/highlightShots/pico_generated.png, id=1615, 964.60374pt x 475.7775pt>
File: Figures/highlightShots/pico_generated.png Graphic file (type png)

<use Figures/highlightShots/pico_generated.png>
Package pdftex.def Info: Figures/highlightShots/pico_generated.png used on inpu
t line 140.
(pdftex.def)             Requested size: 404.02908pt x 199.2807pt.
 [47 <./Figures/highlightShots/pico_generated.png>]
<Figures/highlightShots/pico_handwritten.png, id=1621, 930.47626pt x 494.84875p
t>
File: Figures/highlightShots/pico_handwritten.png Graphic file (type png)
 <use Figures/highlightShots/pico_handwritten.png>
Package pdftex.def Info: Figures/highlightShots/pico_handwritten.png used on in
put line 148.
(pdftex.def)             Requested size: 404.02908pt x 214.87238pt.

Underfull \hbox (badness 10000) in paragraph at lines 154--156

 []

[48 <./Figures/highlightShots/pico_handwritten.png>]
Underfull \hbox (badness 10000) in paragraph at lines 162--163

 []

[49]
Overfull \hbox (18.03085pt too wide) in paragraph at lines 212--226
 [] 
 []

[50]) [51]
\openout2 = `Chapters/Discussion.aux'.

 (./Chapters/Discussion.tex [52



]
Chapter 6.
1: section
[53]
Underfull \hbox (badness 10000) in paragraph at lines 19--23

 []

[54]) [55]
\openout2 = `Chapters/Conclusion.aux'.

 (./Chapters/Conclusion.tex [56



]
Chapter 7.
1: section
[57]
Overfull \hbox (1.0545pt too wide) in paragraph at lines 33--33
[]\T1/ppl/b/n/14.4 How can we de-rive state-based high-lighters from context-
 []

)
Underfull \hbox (badness 10000) in paragraph at lines 34--307

 []

[58]
\openout2 = `Chapters/FutureWork.aux'.

 (./Chapters/FutureWork.tex
Chapter 8.
1: section
[59



]
Underfull \hbox (badness 10000) in paragraph at lines 19--24

 []


Underfull \hbox (badness 10000) in paragraph at lines 19--24

 []

) [60]
\openout2 = `Appendices/AppendixGrammars.aux'.

 (./Appendices/AppendixGrammars.tex
Appendix A.
(./Code/grammars/simple/simple.grammar)
1: section
[61



] (./Code/grammars/Mohri.grammar)) [62]
\openout2 = `Appendices/AppendixData.aux'.

 (./Appendices/AppendixData.tex
Appendix B.
(./Code/datatypes/Symbol.data) (./Code/datatypes/Condition.data)
(./Code/datatypes/Production.data
1: section
[63



]) (./Code/datatypes/StateMachine.data) (./Code/datatypes/Highlighter.data)) [6
4]
\openout2 = `Appendices/AppendixAdvanced.aux'.

 (./Appendices/AppendixAdvanced.tex
Appendix C.

Package hyperref Warning: Difference (2) between bookmark levels is greater 
(hyperref)                than one, level fixed on input line 7.

(./Code/grammars/RascalExp/RascalEx.grammar)
(./Code/grammars/RascalExp/RascalEx_withContexts.grammar
1: section
[65



]) (./Code/grammars/RascalExp/plainGrammar_nopriority.grammar)
(./Code/grammars/RascalExp/plainGrammar_priority.grammar [66])
(./Code/grammars/RascalExp/stronglyRegular.grammar) [67]
<Figures/advancedGrammar_NFA.png, id=2051, 1174.3875pt x 1702.36pt>
File: Figures/advancedGrammar_NFA.png Graphic file (type png)

<use Figures/advancedGrammar_NFA.png>
Package pdftex.def Info: Figures/advancedGrammar_NFA.png used on input line 25.

(pdftex.def)             Requested size: 411.04178pt x 595.83493pt.

Overfull \hbox (7.0127pt too wide) in paragraph at lines 25--27
 [][] 
 []

[68 <./Figures/advancedGrammar_NFA.png>]
<Figures/advancedGrammar_DFA.png, id=2057, 1174.3875pt x 708.6475pt>
File: Figures/advancedGrammar_DFA.png Graphic file (type png)

<use Figures/advancedGrammar_DFA.png>
Package pdftex.def Info: Figures/advancedGrammar_DFA.png used on input line 35.

(pdftex.def)             Requested size: 493.2394pt x 297.62993pt.

Overfull \hbox (89.21031pt too wide) in paragraph at lines 35--37
 [][] 
 []

) [69 <./Figures/advancedGrammar_DFA.png>]
\openout2 = `Appendices/AppendixComments.aux'.

 (./Appendices/AppendixComments.tex
[70



]
Appendix D.
(./Code/grammars/comments/comments.grammar)
(./Code/grammars/comments/plain.grammar)
(./Code/grammars/comments/StronglyRegular.grammar
1: section
[71]) [72] <Figures/comment_nfa.png, id=2147, 1176.395pt x 593.21625pt>
File: Figures/comment_nfa.png Graphic file (type png)

<use Figures/comment_nfa.png>
Package pdftex.def Info: Figures/comment_nfa.png used on input line 19.
(pdftex.def)             Requested size: 404.02908pt x 203.73654pt.
File: Figures/comment_dfa.png Graphic file (type png)
 <use Figures/comment_dfa.png>
Package pdftex.def Info: Figures/comment_dfa.png used on input line 28.
(pdftex.def)             Requested size: 404.02908pt x 168.6999pt.
 [73 <./Figures/comment_nfa.png>]
<Figures/highlightShots/comment_generated.png, id=2153, 707.64375pt x 398.48875
pt>
File: Figures/highlightShots/comment_generated.png Graphic file (type png)
 <use Figures/highlightShots/comment_generated.png>
Package pdftex.def Info: Figures/highlightShots/comment_generated.png used on i
nput line 37.
(pdftex.def)             Requested size: 404.02908pt x 227.51793pt.

<Figures/highlightShots/comment_handwritten.png, id=2154, 707.64375pt x 398.488
75pt>
File: Figures/highlightShots/comment_handwritten.png Graphic file (type png)
 <use Figures/highlightShots/comment_handwritten.png>
Package pdftex.def Info: Figures/highlightShots/comment_handwritten.png used on
 input line 46.
(pdftex.def)             Requested size: 404.02908pt x 227.51793pt.
) [74 <./Figures/highlightShots/comment_generated.png> <./Figures/highlightShot
s/comment_handwritten.png>]
\openout2 = `Appendices/AppendixStringInterp.aux'.

 (./Appendices/AppendixStringInterp.tex
Appendix E.
(./Code/grammars/stringInterp/original.grammar)
(./Code/grammars/stringInterp/plain.grammar)
1: section
[75



] (./Code/grammars/stringInterp/stronglyregular.grammar)
<Figures/String_nfa_stringliteral.png, id=2196, 1174.3875pt x 271.0125pt>
File: Figures/String_nfa_stringliteral.png Graphic file (type png)

<use Figures/String_nfa_stringliteral.png>
Package pdftex.def Info: Figures/String_nfa_stringliteral.png used on input lin
e 20.
(pdftex.def)             Requested size: 404.02908pt x 93.23474pt.

<Figures/String_dfa_stringliteral.png, id=2197, 702.625pt x 69.25874pt>
File: Figures/String_dfa_stringliteral.png Graphic file (type png)

<use Figures/String_dfa_stringliteral.png>
Package pdftex.def Info: Figures/String_dfa_stringliteral.png used on input lin
e 30.
(pdftex.def)             Requested size: 404.02908pt x 39.82663pt.
 [76 <./Figures/String_nfa_stringliteral.png> <./Figures/String_dfa_stringliter
al.png>]
<Figures/highlightShots/string_generated.png, id=2223, 707.64375pt x 398.48875p
t>
File: Figures/highlightShots/string_generated.png Graphic file (type png)
 <use Figures/highlightShots/string_generated.png>
Package pdftex.def Info: Figures/highlightShots/string_generated.png used on in
put line 39.
(pdftex.def)             Requested size: 404.02908pt x 227.51793pt.

<Figures/highlightShots/string_handwritten.png, id=2224, 707.64375pt x 398.4887
5pt>
File: Figures/highlightShots/string_handwritten.png Graphic file (type png)
 <use Figures/highlightShots/string_handwritten.png>
Package pdftex.def Info: Figures/highlightShots/string_handwritten.png used on 
input line 48.
(pdftex.def)             Requested size: 404.02908pt x 227.51793pt.
) [77 <./Figures/highlightShots/string_generated.png> <./Figures/highlightShots
/string_handwritten.png>]
\openout2 = `Appendices/AppendixPico.aux'.

 (./Appendices/AppendixPico.tex [78



]
Appendix F.
(./Code/grammars/pico/Pico.grammar
1: section
[79]) (./Code/grammars/pico/plain.grammar [80])
(./Code/grammars/pico/stronglyregular.grammar [81] [82]) [83]
<Figures/pico_nfa_whitespaceandcomment.png, id=2490, 1315.91624pt x 582.175pt>
File: Figures/pico_nfa_whitespaceandcomment.png Graphic file (type png)

<use Figures/pico_nfa_whitespaceandcomment.png>
Package pdftex.def Info: Figures/pico_nfa_whitespaceandcomment.png used on inpu
t line 20.
(pdftex.def)             Requested size: 404.02908pt x 178.74014pt.

<Figures/pico_dfa_whitespaceandcomment.png, id=2491, 903.375pt x 321.2pt>
File: Figures/pico_dfa_whitespaceandcomment.png Graphic file (type png)

<use Figures/pico_dfa_whitespaceandcomment.png>
Package pdftex.def Info: Figures/pico_dfa_whitespaceandcomment.png used on inpu
t line 30.
(pdftex.def)             Requested size: 404.02908pt x 143.65646pt.
 [84 <./Figures/pico_nfa_whitespaceandcomment.png> <./Figures/pico_dfa_whitespa
ceandcomment.png>]
File: Figures/highlightShots/pico_generated.png Graphic file (type png)

<use Figures/highlightShots/pico_generated.png>
Package pdftex.def Info: Figures/highlightShots/pico_generated.png used on inpu
t line 40.
(pdftex.def)             Requested size: 404.02908pt x 199.2807pt.

<Figures/highlightShots/pico_syntaxError_generated.png, id=2498, 964.60374pt x 
475.7775pt>
File: Figures/highlightShots/pico_syntaxError_generated.png Graphic file (type 
png)
 <use Figures/highlightShots/pico_syntaxError_generated.png>
Package pdftex.def Info: Figures/highlightShots/pico_syntaxError_generated.png 
used on input line 49.
(pdftex.def)             Requested size: 404.02908pt x 199.2807pt.

[85 <./Figures/highlightShots/pico_syntaxError_generated.png>]
File: Figures/highlightShots/pico_handwritten.png Graphic file (type png)

<use Figures/highlightShots/pico_handwritten.png>
Package pdftex.def Info: Figures/highlightShots/pico_handwritten.png used on in
put line 58.
(pdftex.def)             Requested size: 404.02908pt x 214.87238pt.
) [86]
Overfull \hbox (5.17368pt too wide) in paragraph at lines 331--331
[][]\T1/ppl/m/n/10.95 Evans, Ed-mund Grim-ley (1997). ^^P  Ap-prox-i-mat-ing co
ntext-free gram-mars with a finite-
 []


Overfull \hbox (22.56166pt too wide) in paragraph at lines 331--331
[][]\T1/ppl/m/n/10.95 Ltd, Sub-lime HQ Pty. \T1/ppl/m/it/10.95 Doc-u-men-ta-tio
n: Syn-tax Def-i-ni-tions\T1/ppl/m/n/10.95 . \T1/ppl/m/sc/10.95 url\T1/ppl/m/n/
10.95 : [][]$\T1/cmtt/m/n/10.95 https : / / www . sublimetext .
 []


Overfull \hbox (1.37703pt too wide) in paragraph at lines 331--331
[][]\T1/ppl/m/n/10.95 Mohri, M. and M.J. Neder-hof (2000). ^^P  Reg-u-lar Ap-pr
ox-i-ma-tion of Context-Free Gram-
 []


Overfull \hbox (5.27264pt too wide) in paragraph at lines 331--331
[][]\T1/ppl/m/n/10.95 TextMate. \T1/ppl/m/it/10.95 Lan-guage Gram-mars\T1/ppl/m
/n/10.95 . \T1/ppl/m/sc/10.95 url\T1/ppl/m/n/10.95 : [][]$\T1/cmtt/m/n/10.95 ht
tps : / / manual . macromates . com / en / language _
 []

1: section
[87


]
Package atveryend Info: Empty hook `BeforeClearDocument' on input line 335.
Package atveryend Info: Empty hook `AfterLastShipout' on input line 335.
 (./main.aux (./Chapters/Abstract.aux) (./Chapters/ProblemDescription.aux)
(./Chapters/Background.aux) (./Chapters/Algorithm.aux)
(./Chapters/Implementation.aux) (./Chapters/Results.aux)
(./Chapters/Discussion.aux) (./Chapters/Conclusion.aux)
(./Chapters/FutureWork.aux) (./Appendices/AppendixGrammars.aux)
(./Appendices/AppendixData.aux) (./Appendices/AppendixAdvanced.aux)
(./Appendices/AppendixComments.aux) (./Appendices/AppendixStringInterp.aux)
(./Appendices/AppendixPico.aux))
Package atveryend Info: Executing hook `AtVeryEndDocument' on input line 335.
Package atveryend Info: Executing hook `AtEndAfterFileList' on input line 335.
Package rerunfilecheck Info: File `main.out' has not changed.
(rerunfilecheck)             Checksum: 4B5DB44E8AF974F86130602CCBE7F386;23116.
Package logreq Info: Writing requests to 'main.run.xml'.
\openout1 = `main.run.xml'.

 )
(\end occurred when \iftrue on line 220 was incomplete) 
Here is how much of TeX's memory you used:
 45822 strings out of 495028
 905448 string characters out of 6181497
 1092473 words of memory out of 5000000
 46732 multiletter control sequences out of 15000+600000
 82193 words of font info for 166 fonts, out of 8000000 for 9000
 14 hyphenation exceptions out of 8191
 68i,20n,82p,10377b,3377s stack positions out of 5000i,500n,10000p,200000b,80000s
 </home/edser/.texmf-var
/fonts/pk/ljfour/jknappen/ec/ectt1000.600pk> </home/edser/.texmf-var/fonts/pk/l
jfour/jknappen/ec/ectt1095.600pk>{/usr/share/texlive/texmf-dist/fonts/enc/dvips
/base/8r.enc}</usr/share/texlive/texmf-dist/fonts/type1/public/amsfonts/cm/cmr1
0.pfb></usr/share/texlive/texmf-dist/fonts/type1/public/amsfonts/cm/cmsy10.pfb>
</usr/share/texlive/texmf-dist/fonts/type1/public/mathpazo/fplmbb.pfb></usr/sha
re/texlive/texmf-dist/fonts/type1/public/mathpazo/fplmr.pfb></usr/share/texlive
/texmf-dist/fonts/type1/public/mathpazo/fplmri.pfb></usr/share/texlive/texmf-di
st/fonts/type1/urw/palatino/uplb8a.pfb></usr/share/texlive/texmf-dist/fonts/typ
e1/urw/palatino/uplbi8a.pfb></usr/share/texlive/texmf-dist/fonts/type1/urw/pala
tino/uplr8a.pfb></usr/share/texlive/texmf-dist/fonts/type1/urw/palatino/uplr8a.
pfb></usr/share/texlive/texmf-dist/fonts/type1/urw/palatino/uplri8a.pfb>
Output written on main.pdf (97 pages, 1600356 bytes).
PDF statistics:
 3031 PDF objects out of 3580 (max. 8388607)
 2693 compressed objects within 27 object streams
 1483 named destinations out of 1728 (max. 500000)
 1222 words of extra memory for PDF output out of 10000 (max. 10000000)

