\BOOKMARK [0][-]{section*.1}{\376\377\000A\000b\000s\000t\000r\000a\000c\000t}{}% 1
\BOOKMARK [0][-]{chapter.4}{\376\377\000P\000r\000o\000j\000e\000c\000t\000\040\000D\000e\000s\000c\000r\000i\000p\000t\000i\000o\000n}{}% 2
\BOOKMARK [1][-]{section.5}{\376\377\000I\000n\000t\000r\000o\000d\000u\000c\000t\000i\000o\000n}{chapter.4}% 3
\BOOKMARK [1][-]{section.6}{\376\377\000P\000r\000o\000b\000l\000e\000m\000\040\000D\000e\000f\000i\000n\000i\000t\000i\000o\000n}{chapter.4}% 4
\BOOKMARK [2][-]{subsection.7}{\376\377\000S\000t\000e\000p\000s}{section.6}% 5
\BOOKMARK [2][-]{subsection.8}{\376\377\000P\000e\000r\000f\000o\000r\000m\000a\000n\000c\000e}{section.6}% 6
\BOOKMARK [0][-]{chapter.9}{\376\377\000B\000a\000c\000k\000g\000r\000o\000u\000n\000d\000\040\000I\000n\000f\000o\000r\000m\000a\000t\000i\000o\000n}{}% 7
\BOOKMARK [1][-]{section.10}{\376\377\000G\000r\000a\000p\000h}{chapter.9}% 8
\BOOKMARK [2][-]{subsection.11}{\376\377\000D\000e\000f\000i\000n\000i\000t\000i\000o\000n}{section.10}% 9
\BOOKMARK [2][-]{subsection.15}{\376\377\000S\000t\000r\000o\000n\000g\000l\000y\000\040\000C\000o\000n\000n\000e\000c\000t\000e\000d\000\040\000C\000o\000m\000p\000o\000n\000e\000n\000t\000s}{section.10}% 10
\BOOKMARK [3][-]{section*.18}{\376\377\000K\000o\000s\000a\000r\000a\000j\000u\000'\000s\000\040\000a\000l\000g\000o\000r\000i\000t\000h\000m}{subsection.15}% 11
\BOOKMARK [1][-]{section.24}{\376\377\000C\000o\000n\000t\000e\000x\000t\000-\000F\000r\000e\000e\000\040\000G\000r\000a\000m\000m\000a\000r}{chapter.9}% 12
\BOOKMARK [2][-]{subsection.25}{\376\377\000D\000e\000f\000i\000n\000i\000t\000i\000o\000n}{section.24}% 13
\BOOKMARK [2][-]{subsection.28}{\376\377\000G\000r\000a\000p\000h\000\040\000o\000f\000\040\000a\000\040\000C\000F\000G}{section.24}% 14
\BOOKMARK [2][-]{subsection.30}{\376\377\000S\000t\000r\000o\000n\000g\000l\000y\000\040\000R\000e\000g\000u\000l\000a\000r\000\040\000G\000r\000a\000m\000m\000a\000r\000s}{section.24}% 15
\BOOKMARK [1][-]{section.37}{\376\377\000S\000t\000a\000t\000e\000\040\000M\000a\000c\000h\000i\000n\000e\000s}{chapter.9}% 16
\BOOKMARK [2][-]{subsection.38}{\376\377\000D\000e\000f\000i\000n\000i\000t\000i\000o\000n}{section.37}% 17
\BOOKMARK [2][-]{subsection.43}{\376\377\000M\000a\000c\000h\000i\000n\000e\000s\000\040\000f\000o\000r\000\040\000S\000t\000r\000o\000n\000g\000l\000y\000\040\000R\000e\000g\000u\000l\000a\000r\000\040\000G\000r\000a\000m\000m\000a\000r\000s}{section.37}% 18
\BOOKMARK [1][-]{section.48}{\376\377\000S\000t\000a\000t\000e\000-\000B\000a\000s\000e\000d\000\040\000S\000y\000n\000t\000a\000x\000\040\000H\000i\000g\000h\000l\000i\000g\000h\000t\000e\000r\000s}{chapter.9}% 19
\BOOKMARK [2][-]{subsection.49}{\376\377\000D\000e\000f\000i\000n\000i\000t\000i\000o\000n}{section.48}% 20
\BOOKMARK [2][-]{subsection.50}{\376\377\000T\000h\000e\000\040\000T\000e\000x\000t\000M\000a\000t\000e\000\040\000J\000S\000O\000N\000-\000l\000i\000k\000e\000\040\000S\000y\000n\000t\000a\000x\000\040\000D\000e\000f\000i\000n\000i\000t\000i\000o\000n}{section.48}% 21
\BOOKMARK [3][-]{section*.52}{\376\377\000A\000\040\000T\000e\000x\000t\000M\000a\000t\000e\000\040\000h\000i\000g\000h\000l\000i\000g\000h\000t\000e\000r}{subsection.50}% 22
\BOOKMARK [2][-]{subsection.71}{\376\377\000T\000h\000e\000\040\000S\000u\000b\000l\000i\000m\000e\000\040\000Y\000A\000M\000L\000-\000l\000i\000k\000e\000\040\000S\000y\000n\000t\000a\000x\000\040\000D\000e\000f\000i\000n\000i\000t\000i\000o\000n}{section.48}% 23
\BOOKMARK [3][-]{section*.73}{\376\377\000L\000i\000n\000e\000\040\000e\000n\000d\000i\000n\000g\000s}{subsection.71}% 24
\BOOKMARK [3][-]{section*.85}{\376\377\000A\000\040\000S\000u\000b\000l\000i\000m\000e\000\040\000h\000i\000g\000h\000l\000i\000g\000h\000t\000e\000r}{subsection.71}% 25
\BOOKMARK [0][-]{chapter.116}{\376\377\000T\000h\000e\000\040\000A\000l\000g\000o\000r\000i\000t\000h\000m}{}% 26
\BOOKMARK [1][-]{section.117}{\376\377\000A\000p\000p\000r\000o\000a\000c\000h}{chapter.116}% 27
\BOOKMARK [1][-]{section.121}{\376\377\000T\000h\000e\000\040\000A\000l\000g\000o\000r\000i\000t\000h\000m\000'\000s\000\040\000P\000i\000p\000e\000l\000i\000n\000e}{chapter.116}% 28
\BOOKMARK [2][-]{subsection.126}{\376\377\000E\000x\000a\000m\000p\000l\000e\000\040\000g\000r\000a\000m\000m\000a\000r}{section.121}% 29
\BOOKMARK [2][-]{subsection.142}{\376\377\000S\000i\000m\000p\000l\000i\000f\000y\000i\000n\000g\000\040\000t\000h\000e\000\040\000g\000r\000a\000m\000m\000a\000r}{section.121}% 30
\BOOKMARK [2][-]{subsection.143}{\376\377\000G\000r\000a\000m\000m\000a\000r\000\040\000t\000o\000\040\000G\000r\000a\000p\000h}{section.121}% 31
\BOOKMARK [3][-]{section*.144}{\376\377\000E\000x\000a\000m\000p\000l\000e}{subsection.143}% 32
\BOOKMARK [2][-]{subsection.146}{\376\377\000C\000F\000G\000\040\000t\000o\000\040\000S\000t\000r\000o\000n\000g\000l\000y\000\040\000R\000e\000g\000u\000l\000a\000r\000\040\000G\000r\000a\000m\000m\000a\000r}{section.121}% 33
\BOOKMARK [3][-]{section*.147}{\376\377\000E\000x\000a\000m\000p\000l\000e}{subsection.146}% 34
\BOOKMARK [2][-]{subsection.165}{\376\377\000S\000t\000r\000o\000n\000g\000l\000y\000\040\000R\000e\000g\000u\000l\000a\000r\000\040\000G\000r\000a\000m\000m\000a\000r\000\040\000t\000o\000\040\000A\000u\000t\000o\000m\000a\000t\000o\000n}{section.121}% 35
\BOOKMARK [3][-]{section*.166}{\376\377\000E\000x\000a\000m\000p\000l\000e}{subsection.165}% 36
\BOOKMARK [3][-]{section*.169}{\376\377\000C\000o\000n\000f\000l\000i\000c\000t\000\040\000i\000d\000e\000n\000t\000i\000f\000i\000c\000a\000t\000i\000o\000n\000\040\000a\000n\000d\000\040\000r\000e\000s\000o\000l\000u\000t\000i\000o\000n}{subsection.165}% 37
\BOOKMARK [3][-]{section*.171}{\376\377\000E\000x\000a\000m\000p\000l\000e}{subsection.165}% 38
\BOOKMARK [2][-]{subsection.176}{\376\377\000M\000a\000p\000p\000i\000n\000g\000\040\000m\000a\000c\000h\000i\000n\000e\000s\000\040\000t\000o\000\040\000c\000o\000n\000t\000e\000x\000t\000s}{section.121}% 39
\BOOKMARK [3][-]{section*.184}{\376\377\000F\000i\000n\000a\000l\000\040\000S\000t\000a\000t\000e\000\040\000C\000a\000s\000e\000s}{subsection.176}% 40
\BOOKMARK [3][-]{section*.185}{\376\377\000E\000x\000a\000m\000p\000l\000e}{subsection.176}% 41
\BOOKMARK [0][-]{chapter.266}{\376\377\000R\000a\000s\000c\000a\000l\000\040\000I\000m\000p\000l\000e\000m\000e\000n\000t\000a\000t\000i\000o\000n}{}% 42
\BOOKMARK [1][-]{section.267}{\376\377\000M\000o\000t\000i\000v\000a\000t\000i\000o\000n\000\040\000f\000o\000r\000\040\000R\000a\000s\000c\000a\000l}{chapter.266}% 43
\BOOKMARK [1][-]{section.269}{\376\377\000G\000r\000a\000m\000m\000a\000r\000\040\000f\000o\000r\000m\000a\000l\000i\000s\000m}{chapter.266}% 44
\BOOKMARK [2][-]{subsection.271}{\376\377\000S\000i\000m\000p\000l\000e\000\040\000g\000r\000a\000m\000m\000a\000r\000\040\000d\000e\000f\000i\000n\000i\000t\000i\000o\000n}{section.269}% 45
\BOOKMARK [2][-]{subsection.286}{\376\377\000M\000o\000r\000e\000\040\000a\000d\000v\000a\000n\000c\000e\000d\000\040\000c\000o\000n\000s\000t\000r\000u\000c\000t\000s}{section.269}% 46
\BOOKMARK [3][-]{section*.287}{\376\377\000R\000e\000g\000u\000l\000a\000r\000\040\000t\000o\000k\000e\000n\000s}{subsection.286}% 47
\BOOKMARK [3][-]{section*.300}{\376\377\000L\000a\000b\000e\000l\000s}{subsection.286}% 48
\BOOKMARK [3][-]{section*.306}{\376\377\000T\000a\000g\000s}{subsection.286}% 49
\BOOKMARK [3][-]{section*.316}{\376\377\000D\000i\000s\000a\000m\000b\000i\000g\000u\000a\000t\000i\000o\000n}{subsection.286}% 50
\BOOKMARK [3][-]{section*.330}{\376\377\000A\000n\000\040\000a\000d\000v\000a\000n\000c\000e\000d\000\040\000e\000x\000a\000m\000p\000l\000e\000\040\000g\000r\000a\000m\000m\000a\000r}{subsection.286}% 51
\BOOKMARK [2][-]{subsection.331}{\376\377\000I\000n\000t\000e\000r\000n\000a\000l\000\040\000r\000e\000p\000r\000e\000s\000e\000n\000t\000a\000t\000i\000o\000n}{section.269}% 52
\BOOKMARK [3][-]{section*.332}{\376\377\000S\000y\000m\000b\000o\000l\000s}{subsection.331}% 53
\BOOKMARK [3][-]{section*.359}{\376\377\000P\000r\000o\000d\000u\000c\000t\000i\000o\000n\000s}{subsection.331}% 54
\BOOKMARK [1][-]{section.371}{\376\377\000I\000m\000p\000l\000e\000m\000e\000n\000t\000i\000n\000g\000\040\000t\000h\000e\000\040\000A\000l\000g\000o\000r\000i\000t\000h\000m\000\040\000i\000n\000\040\000R\000a\000s\000c\000a\000l}{chapter.266}% 55
\BOOKMARK [2][-]{subsection.372}{\376\377\000T\000o\000P\000l\000a\000i\000n\000G\000r\000a\000m\000m\000a\000r}{section.371}% 56
\BOOKMARK [3][-]{section*.383}{\376\377\000L\000a\000y\000o\000u\000t\000s}{subsection.372}% 57
\BOOKMARK [3][-]{section*.385}{\376\377\000S\000c\000o\000p\000e\000\040\000i\000n\000f\000o\000r\000m\000a\000t\000i\000o\000n\000\040\000e\000x\000t\000r\000a\000c\000t\000i\000o\000n}{subsection.372}% 58
\BOOKMARK [3][-]{section*.386}{\376\377\000T\000h\000e\000\040\000i\000m\000p\000l\000e\000m\000e\000n\000t\000a\000t\000i\000o\000n}{subsection.372}% 59
\BOOKMARK [2][-]{subsection.395}{\376\377\000G\000r\000a\000m\000m\000a\000r\0002\000G\000r\000a\000p\000h}{section.371}% 60
\BOOKMARK [3][-]{section*.412}{\376\377\000K\000o\000s\000a\000r\000a\000j\000u}{subsection.395}% 61
\BOOKMARK [2][-]{subsection.432}{\376\377\000T\000o\000S\000t\000r\000o\000n\000g\000l\000y\000R\000e\000g\000u\000l\000a\000r\000G\000r\000a\000m\000m\000a\000r}{section.371}% 62
\BOOKMARK [2][-]{subsection.433}{\376\377\000C\000o\000n\000v\000e\000r\000t\000i\000n\000g\000\040\000t\000h\000e\000\040\000g\000r\000a\000m\000m\000a\000r\000\040\000t\000o\000\040\000S\000t\000a\000t\000e\000M\000a\000c\000h\000i\000n\000e\000s}{section.371}% 63
\BOOKMARK [3][-]{section*.434}{\376\377\000S\000t\000a\000t\000e\000M\000a\000c\000h\000i\000n\000e\000\040\000d\000a\000t\000a\000t\000y\000p\000e}{subsection.433}% 64
\BOOKMARK [3][-]{section*.446}{\376\377\000C\000o\000n\000f\000l\000i\000c\000t\000\040\000r\000e\000s\000o\000l\000u\000t\000i\000o\000n}{subsection.433}% 65
\BOOKMARK [2][-]{subsection.447}{\376\377\000M\000a\000p\000p\000i\000n\000g\000\040\000t\000o\000\040\000C\000o\000n\000t\000e\000x\000t\000s}{section.371}% 66
\BOOKMARK [3][-]{section*.448}{\376\377\000H\000i\000g\000h\000l\000i\000g\000h\000t\000e\000r\000\040\000d\000a\000t\000a\000t\000y\000p\000e}{subsection.447}% 67
\BOOKMARK [0][-]{chapter.485}{\376\377\000R\000e\000s\000u\000l\000t\000s\000\040\000\046\000\040\000E\000v\000a\000l\000u\000a\000t\000i\000o\000n}{}% 68
\BOOKMARK [1][-]{section.486}{\376\377\000E\000m\000b\000e\000d\000d\000i\000n\000g\000\040\000s\000c\000o\000p\000e\000\040\000i\000n\000f\000o\000r\000m\000a\000t\000i\000o\000n}{chapter.485}% 69
\BOOKMARK [1][-]{section.509}{\376\377\000S\000i\000m\000p\000l\000i\000f\000y\000i\000n\000g\000\040\000t\000h\000e\000\040\000g\000r\000a\000m\000m\000a\000r}{chapter.485}% 70
\BOOKMARK [2][-]{subsection.543}{\376\377\000S\000c\000o\000p\000e\000\040\000i\000n\000f\000o\000r\000m\000a\000t\000i\000o\000n}{section.509}% 71
\BOOKMARK [1][-]{section.544}{\376\377\000T\000o\000S\000t\000r\000o\000n\000g\000l\000y\000R\000e\000g\000u\000l\000a\000r\000G\000r\000a\000m\000m\000a\000r}{chapter.485}% 72
\BOOKMARK [2][-]{subsection.545}{\376\377\000G\000r\000a\000m\000m\000a\000r\0002\000G\000r\000a\000p\000h}{section.544}% 73
\BOOKMARK [2][-]{subsection.546}{\376\377\000K\000o\000s\000a\000r\000a\000j\000u}{section.544}% 74
\BOOKMARK [2][-]{subsection.563}{\376\377\000M\000o\000h\000r\000i\000\040\000a\000n\000d\000\040\000N\000e\000d\000e\000r\000h\000o\000f\000'\000s\000\040\000t\000r\000a\000n\000s\000f\000o\000r\000m\000a\000t\000i\000o\000n}{section.544}% 75
\BOOKMARK [1][-]{section.587}{\376\377\000T\000h\000e\000\040\000S\000t\000r\000o\000n\000g\000l\000y\000\040\000R\000e\000g\000u\000l\000a\000r\000\040\000G\000r\000a\000m\000m\000a\000r\000\040\000t\000o\000\040\000S\000t\000a\000t\000e\000M\000a\000c\000h\000i\000n\000e\000s}{chapter.485}% 76
\BOOKMARK [1][-]{section.599}{\376\377\000T\000h\000e\000\040\000c\000o\000n\000f\000l\000i\000c\000t\000\040\000r\000e\000s\000o\000l\000u\000t\000i\000o\000n}{chapter.485}% 77
\BOOKMARK [1][-]{section.627}{\376\377\000T\000o\000C\000o\000n\000t\000e\000x\000t\000s}{chapter.485}% 78
\BOOKMARK [1][-]{section.628}{\376\377\000R\000e\000s\000u\000l\000t\000i\000n\000g\000\040\000h\000i\000g\000h\000l\000i\000g\000h\000t\000e\000r\000s}{chapter.485}% 79
\BOOKMARK [2][-]{subsection.629}{\376\377\000F\000i\000n\000a\000l\000\040\000r\000e\000s\000u\000l\000t\000s}{section.628}% 80
\BOOKMARK [2][-]{subsection.632}{\376\377\000P\000i\000c\000o\000\040\000b\000r\000e\000a\000k\000d\000o\000w\000n}{section.628}% 81
\BOOKMARK [3][-]{section*.668}{\376\377\000S\000t\000a\000t\000i\000s\000t\000i\000c\000s\000\040\000o\000n\000\040\000t\000h\000e\000\040\000f\000i\000n\000a\000l\000\040\000r\000e\000s\000u\000l\000t\000s}{subsection.632}% 82
\BOOKMARK [1][-]{section.670}{\376\377\000O\000v\000e\000r\000a\000l\000l\000\040\000r\000e\000s\000u\000l\000t\000s}{chapter.485}% 83
\BOOKMARK [0][-]{chapter.681}{\376\377\000D\000i\000s\000c\000u\000s\000s\000i\000o\000n}{}% 84
\BOOKMARK [1][-]{section.682}{\376\377\000S\000t\000r\000o\000n\000g\000\040\000p\000o\000i\000n\000t\000s}{chapter.681}% 85
\BOOKMARK [2][-]{subsection.683}{\376\377\000A\000l\000g\000o\000r\000i\000t\000h\000m}{section.682}% 86
\BOOKMARK [2][-]{subsection.684}{\376\377\000I\000m\000p\000l\000e\000m\000e\000n\000t\000a\000t\000i\000o\000n}{section.682}% 87
\BOOKMARK [1][-]{section.685}{\376\377\000W\000e\000a\000k\000\040\000p\000o\000i\000n\000t\000s}{chapter.681}% 88
\BOOKMARK [2][-]{subsection.686}{\376\377\000A\000l\000g\000o\000r\000i\000t\000h\000m}{section.685}% 89
\BOOKMARK [2][-]{subsection.687}{\376\377\000I\000m\000p\000l\000e\000m\000e\000n\000t\000a\000t\000i\000o\000n}{section.685}% 90
\BOOKMARK [1][-]{section.688}{\376\377\000O\000v\000e\000r\000a\000l\000l}{chapter.681}% 91
\BOOKMARK [0][-]{chapter.689}{\376\377\000C\000o\000n\000c\000l\000u\000s\000i\000o\000n}{}% 92
\BOOKMARK [1][-]{section.690}{\376\377\000A\000n\000s\000w\000e\000r\000s\000\040\000t\000o\000\040\000s\000u\000b\000q\000u\000e\000s\000t\000i\000o\000n\000s}{chapter.689}% 93
\BOOKMARK [1][-]{section.691}{\376\377\000H\000o\000w\000\040\000c\000a\000n\000\040\000w\000e\000\040\000d\000e\000r\000i\000v\000e\000\040\000s\000t\000a\000t\000e\000-\000b\000a\000s\000e\000d\000\040\000h\000i\000g\000h\000l\000i\000g\000h\000t\000e\000r\000s\000\040\000f\000r\000o\000m\000\040\000c\000o\000n\000t\000e\000x\000t\000-\000f\000r\000e\000e\000\040\000g\000r\000a\000m\000m\000a\000r\000s\000?}{chapter.689}% 94
\BOOKMARK [0][-]{chapter.692}{\376\377\000F\000u\000t\000u\000r\000e\000\040\000\046\000\040\000R\000e\000l\000a\000t\000e\000d\000\040\000W\000o\000r\000k}{}% 95
\BOOKMARK [1][-]{section.693}{\376\377\000R\000e\000l\000a\000t\000e\000d\000\040\000W\000o\000r\000k}{chapter.692}% 96
\BOOKMARK [2][-]{subsection.694}{\376\377\000R\000e\000g\000u\000l\000a\000r\000\040\000a\000p\000p\000r\000o\000x\000i\000m\000a\000t\000i\000o\000n\000s}{section.693}% 97
\BOOKMARK [2][-]{subsection.695}{\376\377\000S\000t\000a\000t\000e\000-\000b\000a\000s\000e\000d\000\040\000h\000i\000g\000h\000l\000i\000g\000h\000t\000e\000r\000s}{section.693}% 98
\BOOKMARK [1][-]{section.696}{\376\377\000F\000u\000t\000u\000r\000e\000\040\000W\000o\000r\000k}{chapter.692}% 99
\BOOKMARK [0][-]{appendix.701}{\376\377\000G\000r\000a\000m\000m\000a\000r\000s}{}% 100
\BOOKMARK [1][-]{section.702}{\376\377\000G\000r\000a\000m\000m\000a\000r\000\040\000s\000p\000e\000c\000i\000f\000i\000c\000a\000t\000i\000o\000n\000s}{appendix.701}% 101
\BOOKMARK [2][-]{subsection.703}{\376\377\000S\000i\000m\000p\000l\000e\000\040\000e\000x\000a\000m\000p\000l\000e\000\040\000g\000r\000a\000m\000m\000a\000r}{section.702}% 102
\BOOKMARK [2][-]{subsection.718}{\376\377\000M\000o\000h\000r\000i\000\040\000a\000n\000d\000\040\000N\000e\000d\000e\000r\000h\000o\000f\000'\000s\000\040\000e\000x\000a\000m\000p\000l\000e}{section.702}% 103
\BOOKMARK [0][-]{appendix.766}{\376\377\000D\000a\000t\000a\000t\000y\000p\000e\000s}{}% 104
\BOOKMARK [0][-]{appendix.862}{\376\377\000A\000d\000v\000a\000n\000c\000e\000d\000\040\000E\000x\000a\000m\000p\000l\000e\000\040\000G\000r\000a\000m\000m\000a\000r}{}% 105
\BOOKMARK [1][-]{subsection.863}{\376\377\000O\000r\000i\000g\000i\000n\000a\000l\000\040\000d\000e\000f\000i\000n\000i\000t\000i\000o\000n}{appendix.862}% 106
\BOOKMARK [2][-]{subsection.887}{\376\377\000W\000i\000t\000h\000\040\000c\000o\000n\000t\000e\000x\000t\000\040\000i\000n\000f\000o\000r\000m\000a\000t\000i\000o\000n}{subsection.863}% 107
\BOOKMARK [2][-]{subsection.910}{\376\377\000S\000i\000m\000p\000l\000i\000f\000i\000e\000d\000\040\000w\000i\000t\000h\000o\000u\000t\000\040\000p\000r\000i\000o\000r\000i\000t\000y}{subsection.863}% 108
\BOOKMARK [2][-]{subsection.932}{\376\377\000S\000i\000m\000p\000l\000i\000f\000i\000e\000d\000\040\000w\000i\000t\000h\000\040\000p\000r\000i\000o\000r\000i\000t\000y}{subsection.863}% 109
\BOOKMARK [2][-]{subsection.962}{\376\377\000S\000t\000r\000o\000n\000g\000l\000y\000\040\000R\000e\000g\000u\000l\000a\000r}{subsection.863}% 110
\BOOKMARK [2][-]{subsection.986}{\376\377\000N\000F\000A\000\040\000f\000o\000r\000\040\000s\000t\000r\000o\000n\000g\000l\000y\000\040\000r\000e\000g\000u\000l\000a\000r\000\040\000E\000x\000p\000r\000e\000s\000s\000i\000o\000n}{subsection.863}% 111
\BOOKMARK [2][-]{subsection.988}{\376\377\000D\000F\000A\000\040\000f\000o\000r\000\040\000s\000t\000r\000o\000n\000g\000l\000y\000\040\000r\000e\000g\000u\000l\000a\000r\000\040\000E\000x\000p\000r\000e\000s\000s\000i\000o\000n}{subsection.863}% 112
\BOOKMARK [0][-]{appendix.990}{\376\377\000N\000e\000s\000t\000e\000d\000\040\000C\000o\000m\000m\000e\000n\000t\000s\000\040\000G\000r\000a\000m\000m\000a\000r}{}% 113
\BOOKMARK [1][-]{section.991}{\376\377\000O\000r\000i\000g\000i\000n\000a\000l\000\040\000d\000e\000f\000i\000n\000i\000t\000i\000o\000n}{appendix.990}% 114
\BOOKMARK [1][-]{section.1002}{\376\377\000S\000i\000m\000p\000l\000i\000f\000i\000e\000d\000\040\000w\000i\000t\000h\000o\000u\000t\000\040\000p\000r\000i\000o\000r\000i\000t\000y}{appendix.990}% 115
\BOOKMARK [1][-]{section.1027}{\376\377\000S\000t\000r\000o\000n\000g\000l\000y\000\040\000R\000e\000g\000u\000l\000a\000r}{appendix.990}% 116
\BOOKMARK [2][-]{subsection.1064}{\376\377\000N\000F\000A\000\040\000f\000o\000r\000\040\000s\000t\000r\000o\000n\000g\000l\000y\000\040\000r\000e\000g\000u\000l\000a\000r\000\040\000C\000o\000m\000m\000e\000n\000t}{section.1027}% 117
\BOOKMARK [2][-]{subsection.1066}{\376\377\000D\000F\000A\000\040\000f\000o\000r\000\040\000s\000t\000r\000o\000n\000g\000l\000y\000\040\000r\000e\000g\000u\000l\000a\000r\000\040\000C\000o\000m\000m\000e\000n\000t}{section.1027}% 118
\BOOKMARK [2][-]{subsection.1068}{\376\377\000R\000e\000s\000u\000l\000t\000s\000\040\000o\000f\000\040\000g\000e\000n\000e\000r\000a\000t\000e\000d\000\040\000h\000i\000g\000h\000l\000i\000g\000h\000t\000e\000r}{section.1027}% 119
\BOOKMARK [2][-]{subsection.1070}{\376\377\000R\000e\000s\000u\000l\000t\000s\000\040\000o\000f\000\040\000h\000a\000n\000d\000-\000w\000r\000i\000t\000t\000e\000n\000\040\000h\000i\000g\000h\000l\000i\000g\000h\000t\000e\000r}{section.1027}% 120
\BOOKMARK [0][-]{appendix.1072}{\376\377\000S\000t\000r\000i\000n\000g\000\040\000I\000n\000t\000e\000r\000p\000o\000l\000a\000t\000i\000o\000n\000\040\000G\000r\000a\000m\000m\000a\000r}{}% 121
\BOOKMARK [1][-]{section.1073}{\376\377\000O\000r\000i\000g\000i\000n\000a\000l\000\040\000d\000e\000f\000i\000n\000i\000t\000i\000o\000n}{appendix.1072}% 122
\BOOKMARK [2][-]{subsection.1089}{\376\377\000S\000i\000m\000p\000l\000i\000f\000i\000e\000d\000\040\000w\000i\000t\000h\000o\000u\000t\000\040\000p\000r\000i\000o\000r\000i\000t\000y}{section.1073}% 123
\BOOKMARK [2][-]{subsection.1105}{\376\377\000S\000t\000r\000o\000n\000g\000l\000y\000\040\000R\000e\000g\000u\000l\000a\000r}{section.1073}% 124
\BOOKMARK [2][-]{subsection.1125}{\376\377\000N\000F\000A\000\040\000f\000o\000r\000\040\000s\000t\000r\000o\000n\000g\000l\000y\000\040\000r\000e\000g\000u\000l\000a\000r\000\040\000S\000t\000r\000i\000n\000g\000L\000i\000t\000e\000r\000a\000l}{section.1073}% 125
\BOOKMARK [2][-]{subsection.1127}{\376\377\000D\000F\000A\000\040\000f\000o\000r\000\040\000s\000t\000r\000o\000n\000g\000l\000y\000\040\000r\000e\000g\000u\000l\000a\000r\000\040\000S\000t\000r\000i\000n\000g\000L\000i\000t\000e\000r\000a\000l}{section.1073}% 126
\BOOKMARK [2][-]{subsection.1129}{\376\377\000R\000e\000s\000u\000l\000t\000s\000\040\000o\000f\000\040\000g\000e\000n\000e\000r\000a\000t\000e\000d\000\040\000h\000i\000g\000h\000l\000i\000g\000h\000t\000e\000r}{section.1073}% 127
\BOOKMARK [2][-]{subsection.1131}{\376\377\000R\000e\000s\000u\000l\000t\000s\000\040\000o\000f\000\040\000h\000a\000n\000d\000-\000w\000r\000i\000t\000t\000e\000n\000\040\000h\000i\000g\000h\000l\000i\000g\000h\000t\000e\000r}{section.1073}% 128
\BOOKMARK [0][-]{appendix.1133}{\376\377\000P\000i\000c\000o\000\040\000G\000r\000a\000m\000m\000a\000r}{}% 129
\BOOKMARK [1][-]{section.1134}{\376\377\000O\000r\000i\000g\000i\000n\000a\000l\000\040\000d\000e\000f\000i\000n\000i\000t\000i\000o\000n}{appendix.1133}% 130
\BOOKMARK [2][-]{subsection.1183}{\376\377\000S\000i\000m\000p\000l\000i\000f\000i\000e\000d\000\040\000w\000i\000t\000h\000o\000u\000t\000\040\000p\000r\000i\000o\000r\000i\000t\000y}{section.1134}% 131
\BOOKMARK [2][-]{subsection.1265}{\376\377\000S\000t\000r\000o\000n\000g\000l\000y\000\040\000R\000e\000g\000u\000l\000a\000r}{section.1134}% 132
\BOOKMARK [2][-]{subsection.1368}{\376\377\000N\000F\000A\000\040\000f\000o\000r\000\040\000s\000t\000r\000o\000n\000g\000l\000y\000\040\000r\000e\000g\000u\000l\000a\000r\000\040\000W\000h\000i\000t\000e\000s\000p\000a\000c\000e\000A\000n\000d\000C\000o\000m\000m\000e\000n\000t}{section.1134}% 133
\BOOKMARK [2][-]{subsection.1370}{\376\377\000D\000F\000A\000\040\000f\000o\000r\000\040\000s\000t\000r\000o\000n\000g\000l\000y\000\040\000r\000e\000g\000u\000l\000a\000r\000\040\000W\000h\000i\000t\000e\000s\000p\000a\000c\000e\000A\000n\000d\000C\000o\000m\000m\000e\000n\000t}{section.1134}% 134
\BOOKMARK [2][-]{subsection.1372}{\376\377\000R\000e\000s\000u\000l\000t\000s\000\040\000o\000f\000\040\000g\000e\000n\000e\000r\000a\000t\000e\000d\000\040\000h\000i\000g\000h\000l\000i\000g\000h\000t\000e\000r}{section.1134}% 135
\BOOKMARK [2][-]{subsection.1374}{\376\377\000R\000e\000s\000u\000l\000t\000s\000\040\000o\000f\000\040\000g\000e\000n\000e\000r\000a\000t\000e\000d\000\040\000h\000i\000g\000h\000l\000i\000g\000h\000t\000e\000r\000\040\000w\000i\000t\000h\000\040\000s\000y\000n\000t\000a\000x\000\040\000e\000r\000r\000o\000r}{section.1134}% 136
\BOOKMARK [2][-]{subsection.1376}{\376\377\000R\000e\000s\000u\000l\000t\000s\000\040\000o\000f\000\040\000h\000a\000n\000d\000-\000w\000r\000i\000t\000t\000e\000n\000\040\000h\000i\000g\000h\000l\000i\000g\000h\000t\000e\000r}{section.1134}% 137
\BOOKMARK [0][-]{appendix*.1378}{\376\377\000B\000i\000b\000l\000i\000o\000g\000r\000a\000p\000h\000y}{}% 138
